20191024_145242|Proc-5643|INFO|Started Run ID:20191024_1452
20191024_145242|Proc-5643|INFO|Using previously generated OMIM_ID list.
20191024_145242|Proc-5643|INFO|Using previously downloaded files(1).
20191024_145242|Proc-5643|INFO|Using previously computed features.
20191024_145243|Proc-5643|INFO|Saving omim info and class to file...
20191024_145244|Proc-5643|INFO|Done!
20191024_145244|Proc-5643|INFO|Reading forecASD results.
20191024_145244|Proc-5643|INFO|Done!
20191024_145244|Proc-5643|INFO|Reading forecASD test data.
20191024_145244|Proc-5643|INFO|Done!
20191024_145244|Proc-5643|INFO|ForecASD test shape (16881, 1)
20191024_145244|Proc-5643|INFO|ForecASD test results shape (10837, 8)
20191024_145244|Proc-5643|INFO|Computing train set...
20191024_145246|Proc-5643|INFO|Done!
20191024_145246|Proc-5643|INFO|Computing test set...
20191024_145249|Proc-5643|INFO|Done!
20191024_145249|Proc-5643|INFO|The number of samples usable for test purposes is 10827
20191024_145249|Proc-5643|INFO|The number of samples usable for train purposes is 3710
20191024_145249|Proc-5643|INFO|Generating train and test samples.
20191024_145249|Proc-5643|DEBUG|findfont: Matching :family=sans-serif:style=normal:variant=normal:weight=normal:stretch=normal:size=12.0.
20191024_145249|Proc-5643|DEBUG|findfont: score(<Font 'cmmi10' (cmmi10.ttf) normal normal 400 normal>) = 10.05
20191024_145249|Proc-5643|DEBUG|findfont: score(<Font 'DejaVu Sans Display' (DejaVuSansDisplay.ttf) normal normal 400 normal>) = 10.05
20191024_145249|Proc-5643|DEBUG|findfont: score(<Font 'cmtt10' (cmtt10.ttf) normal normal 400 normal>) = 10.05
20191024_145249|Proc-5643|DEBUG|findfont: score(<Font 'STIXSizeTwoSym' (STIXSizTwoSymReg.ttf) normal normal regular normal>) = 10.05
20191024_145249|Proc-5643|DEBUG|findfont: score(<Font 'DejaVu Sans Mono' (DejaVuSansMono.ttf) normal normal 400 normal>) = 10.05
20191024_145249|Proc-5643|DEBUG|findfont: score(<Font 'DejaVu Sans Mono' (DejaVuSansMono-Bold.ttf) normal normal bold normal>) = 10.335
20191024_145249|Proc-5643|DEBUG|findfont: score(<Font 'STIXGeneral' (STIXGeneralBol.ttf) normal normal bold normal>) = 10.335
20191024_145249|Proc-5643|DEBUG|findfont: score(<Font 'STIXGeneral' (STIXGeneralBolIta.ttf) italic normal bold normal>) = 11.335
20191024_145249|Proc-5643|DEBUG|findfont: score(<Font 'STIXNonUnicode' (STIXNonUniIta.ttf) italic normal 400 normal>) = 11.05
20191024_145249|Proc-5643|DEBUG|findfont: score(<Font 'STIXSizeFiveSym' (STIXSizFiveSymReg.ttf) normal normal regular normal>) = 10.05
20191024_145249|Proc-5643|DEBUG|findfont: score(<Font 'DejaVu Sans Mono' (DejaVuSansMono-Oblique.ttf) oblique normal 400 normal>) = 11.05
20191024_145249|Proc-5643|DEBUG|findfont: score(<Font 'STIXGeneral' (STIXGeneral.ttf) normal normal regular normal>) = 10.05
20191024_145249|Proc-5643|DEBUG|findfont: score(<Font 'STIXNonUnicode' (STIXNonUni.ttf) normal normal regular normal>) = 10.05
20191024_145249|Proc-5643|DEBUG|findfont: score(<Font 'DejaVu Serif' (DejaVuSerif.ttf) normal normal 400 normal>) = 10.05
20191024_145249|Proc-5643|DEBUG|findfont: score(<Font 'cmss10' (cmss10.ttf) normal normal 400 normal>) = 10.05
20191024_145249|Proc-5643|DEBUG|findfont: score(<Font 'STIXNonUnicode' (STIXNonUniBol.ttf) normal normal bold normal>) = 10.335
20191024_145249|Proc-5643|DEBUG|findfont: score(<Font 'STIXSizeThreeSym' (STIXSizThreeSymReg.ttf) normal normal regular normal>) = 10.05
20191024_145249|Proc-5643|DEBUG|findfont: score(<Font 'cmb10' (cmb10.ttf) normal normal 400 normal>) = 10.05
20191024_145249|Proc-5643|DEBUG|findfont: score(<Font 'cmex10' (cmex10.ttf) normal normal 400 normal>) = 10.05
20191024_145249|Proc-5643|DEBUG|findfont: score(<Font 'DejaVu Sans' (DejaVuSans-Oblique.ttf) oblique normal 400 normal>) = 1.05
20191024_145249|Proc-5643|DEBUG|findfont: score(<Font 'STIXSizeOneSym' (STIXSizOneSymReg.ttf) normal normal regular normal>) = 10.05
20191024_145249|Proc-5643|DEBUG|findfont: score(<Font 'STIXSizeFourSym' (STIXSizFourSymBol.ttf) normal normal bold normal>) = 10.335
20191024_145249|Proc-5643|DEBUG|findfont: score(<Font 'cmsy10' (cmsy10.ttf) normal normal 400 normal>) = 10.05
20191024_145249|Proc-5643|DEBUG|findfont: score(<Font 'STIXSizeFourSym' (STIXSizFourSymReg.ttf) normal normal regular normal>) = 10.05
20191024_145249|Proc-5643|DEBUG|findfont: score(<Font 'DejaVu Sans' (DejaVuSans.ttf) normal normal 400 normal>) = 0.05
20191024_145249|Proc-5643|DEBUG|findfont: score(<Font 'DejaVu Serif Display' (DejaVuSerifDisplay.ttf) normal normal 400 normal>) = 10.05
20191024_145249|Proc-5643|DEBUG|findfont: score(<Font 'DejaVu Sans Mono' (DejaVuSansMono-BoldOblique.ttf) oblique normal bold normal>) = 11.335
20191024_145249|Proc-5643|DEBUG|findfont: score(<Font 'DejaVu Sans' (DejaVuSans-Bold.ttf) normal normal bold normal>) = 0.33499999999999996
20191024_145249|Proc-5643|DEBUG|findfont: score(<Font 'DejaVu Serif' (DejaVuSerif-BoldItalic.ttf) italic normal bold normal>) = 11.335
20191024_145249|Proc-5643|DEBUG|findfont: score(<Font 'STIXSizeOneSym' (STIXSizOneSymBol.ttf) normal normal bold normal>) = 10.335
20191024_145249|Proc-5643|DEBUG|findfont: score(<Font 'STIXSizeTwoSym' (STIXSizTwoSymBol.ttf) normal normal bold normal>) = 10.335
20191024_145249|Proc-5643|DEBUG|findfont: score(<Font 'DejaVu Sans' (DejaVuSans-BoldOblique.ttf) oblique normal bold normal>) = 1.335
20191024_145249|Proc-5643|DEBUG|findfont: score(<Font 'cmr10' (cmr10.ttf) normal normal 400 normal>) = 10.05
20191024_145249|Proc-5643|DEBUG|findfont: score(<Font 'STIXNonUnicode' (STIXNonUniBolIta.ttf) italic normal bold normal>) = 11.335
20191024_145249|Proc-5643|DEBUG|findfont: score(<Font 'STIXSizeThreeSym' (STIXSizThreeSymBol.ttf) normal normal bold normal>) = 10.335
20191024_145249|Proc-5643|DEBUG|findfont: score(<Font 'STIXGeneral' (STIXGeneralItalic.ttf) italic normal 400 normal>) = 11.05
20191024_145249|Proc-5643|DEBUG|findfont: score(<Font 'DejaVu Serif' (DejaVuSerif-Italic.ttf) italic normal 400 normal>) = 11.05
20191024_145249|Proc-5643|DEBUG|findfont: score(<Font 'DejaVu Serif' (DejaVuSerif-Bold.ttf) normal normal bold normal>) = 10.335
20191024_145249|Proc-5643|DEBUG|findfont: score(<Font 'FreeSans' (FreeSansBoldOblique.ttf) oblique normal bold normal>) = 11.335
20191024_145249|Proc-5643|DEBUG|findfont: score(<Font 'Ubuntu Mono' (UbuntuMono-R.ttf) normal normal 400 normal>) = 10.05
20191024_145249|Proc-5643|DEBUG|findfont: score(<Font 'Umpush' (Umpush-BoldOblique.ttf) oblique normal bold normal>) = 11.335
20191024_145249|Proc-5643|DEBUG|findfont: score(<Font 'Nakula' (nakula.ttf) normal normal 400 normal>) = 10.05
20191024_145249|Proc-5643|DEBUG|findfont: score(<Font 'Mitra Mono' (mitra.ttf) normal normal 400 normal>) = 10.05
20191024_145249|Proc-5643|DEBUG|findfont: score(<Font 'Ubuntu' (Ubuntu-M.ttf) normal normal medium normal>) = 10.145
20191024_145249|Proc-5643|DEBUG|findfont: score(<Font 'Courier New' (Courier_New_Bold_Italic.ttf) italic normal bold normal>) = 11.335
20191024_145249|Proc-5643|DEBUG|findfont: score(<Font 'Noto Sans CJK JP' (NotoSansCJK-Regular.ttc) normal normal 400 normal>) = 10.05
20191024_145249|Proc-5643|DEBUG|findfont: score(<Font 'Times New Roman' (Times_New_Roman.ttf) normal normal roman normal>) = 10.145
20191024_145249|Proc-5643|DEBUG|findfont: score(<Font 'ori1Uni' (utkal.ttf) normal normal medium normal>) = 10.145
20191024_145249|Proc-5643|DEBUG|findfont: score(<Font 'Lohit Bengali' (Lohit-Bengali.ttf) normal normal 400 normal>) = 10.05
20191024_145249|Proc-5643|DEBUG|findfont: score(<Font 'Laksaman' (Laksaman-BoldItalic.ttf) italic normal bold normal>) = 11.335
20191024_145249|Proc-5643|DEBUG|findfont: score(<Font 'Raleway' (Raleway-Regular.ttf) normal normal regular normal>) = 10.05
20191024_145249|Proc-5643|DEBUG|findfont: score(<Font 'KacstBook' (KacstBook.ttf) normal normal book normal>) = 10.05
20191024_145249|Proc-5643|DEBUG|findfont: score(<Font 'FreeMono' (FreeMonoBold.ttf) normal normal bold normal>) = 10.335
20191024_145249|Proc-5643|DEBUG|findfont: score(<Font 'FreeSans' (FreeSansBold.ttf) normal normal bold normal>) = 10.335
20191024_145249|Proc-5643|DEBUG|findfont: score(<Font 'Keraleeyam' (Keraleeyam.ttf) normal normal 700 normal>) = 10.335
20191024_145249|Proc-5643|DEBUG|findfont: score(<Font 'Lohit Telugu' (Lohit-Telugu.ttf) normal normal 400 normal>) = 10.05
20191024_145249|Proc-5643|DEBUG|findfont: score(<Font 'Norasi' (Norasi-Bold.ttf) normal normal bold normal>) = 10.335
20191024_145249|Proc-5643|DEBUG|findfont: score(<Font 'Arial' (arialbi.ttf) italic normal bold normal>) = 7.698636363636363
20191024_145249|Proc-5643|DEBUG|findfont: score(<Font 'Loma' (Loma.ttf) normal normal 400 normal>) = 10.05
20191024_145249|Proc-5643|DEBUG|findfont: score(<Font 'Ubuntu' (Ubuntu-R.ttf) normal normal 400 normal>) = 10.05
20191024_145249|Proc-5643|DEBUG|findfont: score(<Font 'Ubuntu Mono' (UbuntuMono-BI.ttf) italic normal bold normal>) = 11.335
20191024_145249|Proc-5643|DEBUG|findfont: score(<Font 'Waree' (Waree.ttf) normal normal 400 normal>) = 10.05
20191024_145249|Proc-5643|DEBUG|findfont: score(<Font 'Rekha' (Rekha.ttf) normal normal 400 normal>) = 10.05
20191024_145249|Proc-5643|DEBUG|findfont: score(<Font 'Times New Roman' (Times_New_Roman_Bold.ttf) normal normal roman normal>) = 10.145
20191024_145249|Proc-5643|DEBUG|findfont: score(<Font 'Verdana' (Verdana.ttf) normal normal 400 normal>) = 3.6863636363636365
20191024_145249|Proc-5643|DEBUG|findfont: score(<Font 'Loma' (Loma-BoldOblique.ttf) oblique normal bold normal>) = 11.335
20191024_145249|Proc-5643|DEBUG|findfont: score(<Font 'Liberation Mono' (LiberationMono-Bold.ttf) normal normal bold normal>) = 10.335
20191024_145249|Proc-5643|DEBUG|findfont: score(<Font 'Arial' (Arial_Bold_Italic.ttf) italic normal bold normal>) = 7.698636363636363
20191024_145249|Proc-5643|DEBUG|findfont: score(<Font 'Waree' (Waree-Bold.ttf) normal normal bold normal>) = 10.335
20191024_145249|Proc-5643|DEBUG|findfont: score(<Font 'Courier New' (courbd.ttf) normal normal bold normal>) = 10.335
20191024_145249|Proc-5643|DEBUG|findfont: score(<Font 'Lohit Assamese' (Lohit-Assamese.ttf) normal normal 400 normal>) = 10.05
20191024_145249|Proc-5643|DEBUG|findfont: score(<Font 'padmaa' (padmaa-Medium-0.5.ttf) normal normal normal normal>) = 10.0
20191024_145249|Proc-5643|DEBUG|findfont: score(<Font 'mry_KacstQurn' (mry_KacstQurn.ttf) normal normal 400 normal>) = 10.05
20191024_145249|Proc-5643|DEBUG|findfont: score(<Font 'Andale Mono' (andalemo.ttf) normal normal 400 normal>) = 10.05
20191024_145249|Proc-5643|DEBUG|findfont: score(<Font 'RaghuMalayalam' (RaghuMalayalamSans-Regular.ttf) normal normal regular normal>) = 10.05
20191024_145249|Proc-5643|DEBUG|findfont: score(<Font 'Tlwg Mono' (TlwgMono-Oblique.ttf) oblique normal 400 normal>) = 11.05
20191024_145249|Proc-5643|DEBUG|findfont: score(<Font 'Verdana' (Verdana_Bold_Italic.ttf) italic normal bold normal>) = 4.971363636363637
20191024_145249|Proc-5643|DEBUG|findfont: score(<Font 'Lohit Odia' (Lohit-Odia.ttf) normal normal 400 normal>) = 10.05
20191024_145249|Proc-5643|DEBUG|findfont: score(<Font 'Norasi' (Norasi.ttf) normal normal 400 normal>) = 10.05
20191024_145249|Proc-5643|DEBUG|findfont: score(<Font 'Tlwg Typewriter' (TlwgTypewriter.ttf) normal normal 400 normal>) = 10.05
20191024_145249|Proc-5643|DEBUG|findfont: score(<Font 'Georgia' (georgia.ttf) normal normal 400 normal>) = 10.05
20191024_145249|Proc-5643|DEBUG|findfont: score(<Font 'Phetsarath OT' (Phetsarath_OT.ttf) normal normal 400 normal>) = 10.05
20191024_145249|Proc-5643|DEBUG|findfont: score(<Font 'Trebuchet MS' (trebucit.ttf) italic normal 400 normal>) = 11.05
20191024_145249|Proc-5643|DEBUG|findfont: score(<Font 'Tlwg Typo' (TlwgTypo-Bold.ttf) normal normal bold normal>) = 10.335
20191024_145249|Proc-5643|DEBUG|findfont: score(<Font 'Manjari' (Manjari-Regular.otf) normal normal regular normal>) = 10.05
20191024_145249|Proc-5643|DEBUG|findfont: score(<Font 'aakar' (aakar-medium.ttf) normal normal 400 normal>) = 10.05
20191024_145249|Proc-5643|DEBUG|findfont: score(<Font 'Noto Sans CJK JP' (NotoSansCJK-Bold.ttc) normal normal bold normal>) = 10.335
20191024_145249|Proc-5643|DEBUG|findfont: score(<Font 'Dyuthi' (Dyuthi.ttf) normal normal 400 normal>) = 10.05
20191024_145249|Proc-5643|DEBUG|findfont: score(<Font 'Georgia' (georgiai.ttf) italic normal 400 normal>) = 11.05
20191024_145249|Proc-5643|DEBUG|findfont: score(<Font 'Liberation Sans' (LiberationSans-Regular.ttf) normal normal 400 normal>) = 10.05
20191024_145249|Proc-5643|DEBUG|findfont: score(<Font 'Rachana' (Rachana-Regular.ttf) normal normal regular normal>) = 10.05
20191024_145249|Proc-5643|DEBUG|findfont: score(<Font 'Lohit Tamil' (Lohit-Tamil.ttf) normal normal 400 normal>) = 10.05
20191024_145249|Proc-5643|DEBUG|findfont: score(<Font 'Lohit Malayalam' (Lohit-Malayalam.ttf) normal normal 400 normal>) = 10.05
20191024_145249|Proc-5643|DEBUG|findfont: score(<Font 'Liberation Mono' (LiberationMono-Italic.ttf) italic normal 400 normal>) = 11.05
20191024_145249|Proc-5643|DEBUG|findfont: score(<Font 'Courier New' (courbi.ttf) italic normal bold normal>) = 11.335
20191024_145249|Proc-5643|DEBUG|findfont: score(<Font 'Liberation Serif' (LiberationSerif-Regular.ttf) normal normal 400 normal>) = 10.05
20191024_145249|Proc-5643|DEBUG|findfont: score(<Font 'FreeSerif' (FreeSerifItalic.ttf) italic normal 400 normal>) = 11.05
20191024_145249|Proc-5643|DEBUG|findfont: score(<Font 'Samyak Tamil' (Samyak-Tamil.ttf) normal normal 400 normal>) = 10.05
20191024_145249|Proc-5643|DEBUG|findfont: score(<Font 'Comic Sans MS' (comic.ttf) normal normal 400 normal>) = 10.05
20191024_145249|Proc-5643|DEBUG|findfont: score(<Font 'Ubuntu' (Ubuntu-LI.ttf) italic normal light normal>) = 11.24
20191024_145249|Proc-5643|DEBUG|findfont: score(<Font 'Arial' (arial.ttf) normal normal 400 normal>) = 6.413636363636363
20191024_145249|Proc-5643|DEBUG|findfont: score(<Font 'FreeSans' (FreeSansOblique.ttf) oblique normal 400 normal>) = 11.05
20191024_145249|Proc-5643|DEBUG|findfont: score(<Font 'Noto Serif CJK JP' (NotoSerifCJK-Bold.ttc) normal normal bold normal>) = 10.335
20191024_145249|Proc-5643|DEBUG|findfont: score(<Font 'KacstDigital' (KacstDigital.ttf) normal normal 400 normal>) = 10.05
20191024_145249|Proc-5643|DEBUG|findfont: score(<Font 'KacstDecorative' (KacstDecorative.ttf) normal normal 400 normal>) = 10.05
20191024_145249|Proc-5643|DEBUG|findfont: score(<Font 'Impact' (impact.ttf) normal normal 400 normal>) = 10.05
20191024_145249|Proc-5643|DEBUG|findfont: score(<Font 'padmaa' (padmaa.ttf) normal normal 400 normal>) = 10.05
20191024_145249|Proc-5643|DEBUG|findfont: score(<Font 'Liberation Serif' (LiberationSerif-Italic.ttf) italic normal 400 normal>) = 11.05
20191024_145249|Proc-5643|DEBUG|findfont: score(<Font 'Waree' (Waree-Oblique.ttf) oblique normal 400 normal>) = 11.05
20191024_145249|Proc-5643|DEBUG|findfont: score(<Font 'Georgia' (Georgia_Bold.ttf) normal normal bold normal>) = 10.335
20191024_145249|Proc-5643|DEBUG|findfont: score(<Font 'Kinnari' (Kinnari-BoldOblique.ttf) oblique normal bold normal>) = 11.335
20191024_145249|Proc-5643|DEBUG|findfont: score(<Font 'Lohit Tamil Classical' (Lohit-Tamil-Classical.ttf) normal normal 400 normal>) = 10.05
20191024_145249|Proc-5643|DEBUG|findfont: score(<Font 'Loma' (Loma-Oblique.ttf) oblique normal 400 normal>) = 11.05
20191024_145249|Proc-5643|DEBUG|findfont: score(<Font 'Liberation Serif' (LiberationSerif-BoldItalic.ttf) italic normal bold normal>) = 11.335
20191024_145249|Proc-5643|DEBUG|findfont: score(<Font 'Liberation Sans Narrow' (LiberationSansNarrow-Italic.ttf) italic normal 400 condensed>) = 11.25
20191024_145249|Proc-5643|DEBUG|findfont: score(<Font 'Meera' (Meera.ttf) normal normal 400 normal>) = 10.05
20191024_145249|Proc-5643|DEBUG|findfont: score(<Font 'Laksaman' (Laksaman-Bold.ttf) normal normal bold normal>) = 10.335
20191024_145249|Proc-5643|DEBUG|findfont: score(<Font 'Verdana' (verdana.ttf) normal normal 400 normal>) = 3.6863636363636365
20191024_145249|Proc-5643|DEBUG|findfont: score(<Font 'Samanata' (samanata.ttf) normal normal 400 normal>) = 10.05
20191024_145249|Proc-5643|DEBUG|findfont: score(<Font 'AnjaliOldLipi' (AnjaliOldLipi.ttf) normal normal 400 normal>) = 10.05
20191024_145249|Proc-5643|DEBUG|findfont: score(<Font 'Tlwg Typo' (TlwgTypo-BoldOblique.ttf) oblique normal bold normal>) = 11.335
20191024_145249|Proc-5643|DEBUG|findfont: score(<Font 'Comic Sans MS' (comicbd.ttf) normal normal bold normal>) = 10.335
20191024_145249|Proc-5643|DEBUG|findfont: score(<Font 'Trebuchet MS' (Trebuchet_MS_Bold_Italic.ttf) italic normal bold normal>) = 11.335
20191024_145249|Proc-5643|DEBUG|findfont: score(<Font 'Courier New' (couri.ttf) italic normal 400 normal>) = 11.05
20191024_145249|Proc-5643|DEBUG|findfont: score(<Font 'Arial Black' (Arial_Black.ttf) normal normal black normal>) = 10.525
20191024_145249|Proc-5643|DEBUG|findfont: score(<Font 'Raleway' (Raleway-Light.ttf) normal normal light normal>) = 10.24
20191024_145249|Proc-5643|DEBUG|findfont: score(<Font 'Umpush' (Umpush-Light.ttf) normal normal light normal>) = 10.24
20191024_145249|Proc-5643|DEBUG|findfont: score(<Font 'Ubuntu' (Ubuntu-BI.ttf) italic normal bold normal>) = 11.335
20191024_145249|Proc-5643|DEBUG|findfont: score(<Font 'Kinnari' (Kinnari-BoldItalic.ttf) italic normal bold normal>) = 11.335
20191024_145249|Proc-5643|DEBUG|findfont: score(<Font 'Times New Roman' (Times_New_Roman_Bold_Italic.ttf) italic normal roman normal>) = 11.145
20191024_145249|Proc-5643|DEBUG|findfont: score(<Font 'KacstScreen' (KacstScreen.ttf) normal normal 400 normal>) = 10.05
20191024_145249|Proc-5643|DEBUG|findfont: score(<Font 'Ubuntu Mono' (UbuntuMono-B.ttf) normal normal bold normal>) = 10.335
20191024_145249|Proc-5643|DEBUG|findfont: score(<Font 'Arial' (Arial_Italic.ttf) italic normal 400 normal>) = 7.413636363636363
20191024_145249|Proc-5643|DEBUG|findfont: score(<Font 'FreeMono' (FreeMono.ttf) normal normal 400 normal>) = 10.05
20191024_145249|Proc-5643|DEBUG|findfont: score(<Font 'Webdings' (webdings.ttf) normal normal 400 normal>) = 10.05
20191024_145249|Proc-5643|DEBUG|findfont: score(<Font 'Navilu' (Navilu.ttf) normal normal 400 normal>) = 10.05
20191024_145249|Proc-5643|DEBUG|findfont: score(<Font 'Verdana' (Verdana_Bold.ttf) normal normal bold normal>) = 3.9713636363636367
20191024_145249|Proc-5643|DEBUG|findfont: score(<Font 'Liberation Sans' (LiberationSans-BoldItalic.ttf) italic normal bold normal>) = 11.335
20191024_145249|Proc-5643|DEBUG|findfont: score(<Font 'Kinnari' (Kinnari-Oblique.ttf) oblique normal 400 normal>) = 11.05
20191024_145249|Proc-5643|DEBUG|findfont: score(<Font 'Georgia' (georgiaz.ttf) italic normal bold normal>) = 11.335
20191024_145249|Proc-5643|DEBUG|findfont: score(<Font 'KacstPoster' (KacstPoster.ttf) normal normal 400 normal>) = 10.05
20191024_145249|Proc-5643|DEBUG|findfont: score(<Font 'Georgia' (Georgia.ttf) normal normal 400 normal>) = 10.05
20191024_145249|Proc-5643|DEBUG|findfont: score(<Font 'KacstLetter' (KacstLetter.ttf) normal normal 400 normal>) = 10.05
20191024_145249|Proc-5643|DEBUG|findfont: score(<Font 'Liberation Serif' (LiberationSerif-Bold.ttf) normal normal bold normal>) = 10.335
20191024_145249|Proc-5643|DEBUG|findfont: score(<Font 'Liberation Sans Narrow' (LiberationSansNarrow-Regular.ttf) normal normal 400 condensed>) = 10.25
20191024_145249|Proc-5643|DEBUG|findfont: score(<Font 'FreeSerif' (FreeSerifBoldItalic.ttf) italic normal bold normal>) = 11.335
20191024_145249|Proc-5643|DEBUG|findfont: score(<Font 'Trebuchet MS' (Trebuchet_MS_Italic.ttf) italic normal 400 normal>) = 11.05
20191024_145249|Proc-5643|DEBUG|findfont: score(<Font 'Tlwg Typist' (TlwgTypist-Bold.ttf) normal normal bold normal>) = 10.335
20191024_145249|Proc-5643|DEBUG|findfont: score(<Font 'Sawasdee' (Sawasdee-Bold.ttf) normal normal bold normal>) = 10.335
20191024_145249|Proc-5643|DEBUG|findfont: score(<Font 'KacstNaskh' (KacstNaskh.ttf) normal normal 400 normal>) = 10.05
20191024_145249|Proc-5643|DEBUG|findfont: score(<Font 'Kinnari' (Kinnari.ttf) normal normal 400 normal>) = 10.05
20191024_145249|Proc-5643|DEBUG|findfont: score(<Font 'Umpush' (Umpush-LightOblique.ttf) oblique normal light normal>) = 11.24
20191024_145249|Proc-5643|DEBUG|findfont: score(<Font 'Uroob' (Uroob.ttf) normal normal 700 normal>) = 10.335
20191024_145249|Proc-5643|DEBUG|findfont: score(<Font 'Norasi' (Norasi-Oblique.ttf) oblique normal 400 normal>) = 11.05
20191024_145249|Proc-5643|DEBUG|findfont: score(<Font 'Ani' (ani.ttf) normal normal 400 normal>) = 10.05
20191024_145249|Proc-5643|DEBUG|findfont: score(<Font 'OpenSymbol' (opens___.ttf) normal normal 400 normal>) = 10.05
20191024_145249|Proc-5643|DEBUG|findfont: score(<Font 'Droid Sans Fallback' (DroidSansFallbackFull.ttf) normal normal 400 normal>) = 10.05
20191024_145249|Proc-5643|DEBUG|findfont: score(<Font 'Chilanka' (Chilanka-Regular.ttf) normal normal regular normal>) = 10.05
20191024_145249|Proc-5643|DEBUG|findfont: score(<Font 'Vemana2000' (vemana2000.ttf) normal normal 400 normal>) = 10.05
20191024_145249|Proc-5643|DEBUG|findfont: score(<Font 'Courier New' (Courier_New.ttf) normal normal 400 normal>) = 10.05
20191024_145249|Proc-5643|DEBUG|findfont: score(<Font 'Pagul' (Pagul.ttf) normal normal 400 normal>) = 10.05
20191024_145249|Proc-5643|DEBUG|findfont: score(<Font 'Tlwg Mono' (TlwgMono-Bold.ttf) normal normal bold normal>) = 10.335
20191024_145249|Proc-5643|DEBUG|findfont: score(<Font 'Laksaman' (Laksaman.ttf) normal normal 400 normal>) = 10.05
20191024_145249|Proc-5643|DEBUG|findfont: score(<Font 'Sawasdee' (Sawasdee.ttf) normal normal 400 normal>) = 10.05
20191024_145249|Proc-5643|DEBUG|findfont: score(<Font 'Ubuntu' (Ubuntu-L.ttf) normal normal light normal>) = 10.24
20191024_145249|Proc-5643|DEBUG|findfont: score(<Font 'FreeSans' (FreeSans.ttf) normal normal 400 normal>) = 10.05
20191024_145249|Proc-5643|DEBUG|findfont: score(<Font 'Times New Roman' (times.ttf) normal normal roman normal>) = 10.145
20191024_145249|Proc-5643|DEBUG|findfont: score(<Font 'Courier New' (cour.ttf) normal normal 400 normal>) = 10.05
20191024_145249|Proc-5643|DEBUG|findfont: score(<Font 'Times New Roman' (timesi.ttf) italic normal roman normal>) = 11.145
20191024_145249|Proc-5643|DEBUG|findfont: score(<Font 'Tibetan Machine Uni' (TibetanMachineUni.ttf) normal normal 400 normal>) = 10.05
20191024_145249|Proc-5643|DEBUG|findfont: score(<Font 'Sarai' (Sarai.ttf) normal normal 400 normal>) = 10.05
20191024_145249|Proc-5643|DEBUG|findfont: score(<Font 'Umpush' (Umpush-Bold.ttf) normal normal bold normal>) = 10.335
20191024_145249|Proc-5643|DEBUG|findfont: score(<Font 'Tlwg Typewriter' (TlwgTypewriter-Oblique.ttf) oblique normal 400 normal>) = 11.05
20191024_145249|Proc-5643|DEBUG|findfont: score(<Font 'KacstTitleL' (KacstTitleL.ttf) normal normal 400 normal>) = 10.05
20191024_145249|Proc-5643|DEBUG|findfont: score(<Font 'KacstOffice' (KacstOffice.ttf) normal normal 400 normal>) = 10.05
20191024_145249|Proc-5643|DEBUG|findfont: score(<Font 'Garuda' (Garuda-Bold.ttf) normal normal bold normal>) = 10.335
20191024_145249|Proc-5643|DEBUG|findfont: score(<Font 'Impact' (Impact.ttf) normal normal 400 normal>) = 10.05
20191024_145249|Proc-5643|DEBUG|findfont: score(<Font 'Georgia' (Georgia_Bold_Italic.ttf) italic normal bold normal>) = 11.335
20191024_145249|Proc-5643|DEBUG|findfont: score(<Font 'FreeSerif' (FreeSerif.ttf) normal normal 400 normal>) = 10.05
20191024_145249|Proc-5643|DEBUG|findfont: score(<Font 'Khmer OS' (KhmerOS.ttf) normal normal 400 normal>) = 10.05
20191024_145249|Proc-5643|DEBUG|findfont: score(<Font 'Lohit Devanagari' (Lohit-Devanagari.ttf) normal normal 400 normal>) = 10.05
20191024_145249|Proc-5643|DEBUG|findfont: score(<Font 'Garuda' (Garuda.ttf) normal normal 400 normal>) = 10.05
20191024_145249|Proc-5643|DEBUG|findfont: score(<Font 'Waree' (Waree-BoldOblique.ttf) oblique normal bold normal>) = 11.335
20191024_145249|Proc-5643|DEBUG|findfont: score(<Font 'Padauk' (Padauk-Regular.ttf) normal normal 400 normal>) = 10.05
20191024_145249|Proc-5643|DEBUG|findfont: score(<Font 'KacstOne' (KacstOne.ttf) normal normal 400 normal>) = 10.05
20191024_145249|Proc-5643|DEBUG|findfont: score(<Font 'Padauk' (Padauk-Bold.ttf) normal normal bold normal>) = 10.335
20191024_145249|Proc-5643|DEBUG|findfont: score(<Font 'Trebuchet MS' (trebuc.ttf) normal normal 400 normal>) = 10.05
20191024_145249|Proc-5643|DEBUG|findfont: score(<Font 'Mukti Narrow' (MuktiNarrow.ttf) normal normal 400 normal>) = 10.05
20191024_145249|Proc-5643|DEBUG|findfont: score(<Font 'Raleway' (Raleway-ExtraBold.ttf) normal normal bold normal>) = 10.335
20191024_145249|Proc-5643|DEBUG|findfont: score(<Font 'Umpush' (Umpush-Oblique.ttf) oblique normal 400 normal>) = 11.05
20191024_145249|Proc-5643|DEBUG|findfont: score(<Font 'Georgia' (Georgia_Italic.ttf) italic normal 400 normal>) = 11.05
20191024_145249|Proc-5643|DEBUG|findfont: score(<Font 'Norasi' (Norasi-BoldItalic.ttf) italic normal bold normal>) = 11.335
20191024_145249|Proc-5643|DEBUG|findfont: score(<Font 'KacstArt' (KacstArt.ttf) normal normal 400 normal>) = 10.05
20191024_145249|Proc-5643|DEBUG|findfont: score(<Font 'Sawasdee' (Sawasdee-BoldOblique.ttf) oblique normal bold normal>) = 11.335
20191024_145249|Proc-5643|DEBUG|findfont: score(<Font 'Arial' (ariali.ttf) italic normal 400 normal>) = 7.413636363636363
20191024_145249|Proc-5643|DEBUG|findfont: score(<Font 'Tlwg Mono' (TlwgMono.ttf) normal normal 400 normal>) = 10.05
20191024_145249|Proc-5643|DEBUG|findfont: score(<Font 'Garuda' (Garuda-Oblique.ttf) oblique normal 400 normal>) = 11.05
20191024_145249|Proc-5643|DEBUG|findfont: score(<Font 'Lohit Kannada' (Lohit-Kannada.ttf) normal normal 400 normal>) = 10.05
20191024_145249|Proc-5643|DEBUG|findfont: score(<Font 'Ubuntu' (Ubuntu-B.ttf) normal normal bold normal>) = 10.335
20191024_145249|Proc-5643|DEBUG|findfont: score(<Font 'Sawasdee' (Sawasdee-Oblique.ttf) oblique normal 400 normal>) = 11.05
20191024_145249|Proc-5643|DEBUG|findfont: score(<Font 'Verdana' (verdanai.ttf) italic normal 400 normal>) = 4.6863636363636365
20191024_145249|Proc-5643|DEBUG|findfont: score(<Font 'Sahadeva' (sahadeva.ttf) normal normal 400 normal>) = 10.05
20191024_145249|Proc-5643|DEBUG|findfont: score(<Font 'Purisa' (Purisa-BoldOblique.ttf) oblique normal bold normal>) = 11.335
20191024_145249|Proc-5643|DEBUG|findfont: score(<Font 'Trebuchet MS' (trebucbi.ttf) italic normal bold normal>) = 11.335
20191024_145249|Proc-5643|DEBUG|findfont: score(<Font 'Laksaman' (Laksaman-Italic.ttf) italic normal 400 normal>) = 11.05
20191024_145249|Proc-5643|DEBUG|findfont: score(<Font 'Liberation Sans' (LiberationSans-Bold.ttf) normal normal bold normal>) = 10.335
20191024_145249|Proc-5643|DEBUG|findfont: score(<Font 'Khmer OS System' (KhmerOSsys.ttf) normal normal 400 normal>) = 10.05
20191024_145249|Proc-5643|DEBUG|findfont: score(<Font 'Liberation Sans Narrow' (LiberationSansNarrow-Bold.ttf) normal normal bold condensed>) = 10.535
20191024_145249|Proc-5643|DEBUG|findfont: score(<Font 'Purisa' (Purisa-Bold.ttf) normal normal bold normal>) = 10.335
20191024_145249|Proc-5643|DEBUG|findfont: score(<Font 'Liberation Sans' (LiberationSans-Italic.ttf) italic normal 400 normal>) = 11.05
20191024_145249|Proc-5643|DEBUG|findfont: score(<Font 'Tlwg Typo' (TlwgTypo.ttf) normal normal 400 normal>) = 10.05
20191024_145249|Proc-5643|DEBUG|findfont: score(<Font 'Tlwg Typist' (TlwgTypist-Oblique.ttf) oblique normal 400 normal>) = 11.05
20191024_145249|Proc-5643|DEBUG|findfont: score(<Font 'Comic Sans MS' (Comic_Sans_MS_Bold.ttf) normal normal bold normal>) = 10.335
20191024_145249|Proc-5643|DEBUG|findfont: score(<Font 'FreeSerif' (FreeSerifBold.ttf) normal normal bold normal>) = 10.335
20191024_145249|Proc-5643|DEBUG|findfont: score(<Font 'Tlwg Typist' (TlwgTypist-BoldOblique.ttf) oblique normal bold normal>) = 11.335
20191024_145249|Proc-5643|DEBUG|findfont: score(<Font 'Arial Black' (ariblk.ttf) normal normal black normal>) = 10.525
20191024_145249|Proc-5643|DEBUG|findfont: score(<Font 'Georgia' (georgiab.ttf) normal normal bold normal>) = 10.335
20191024_145249|Proc-5643|DEBUG|findfont: score(<Font 'Liberation Sans Narrow' (LiberationSansNarrow-BoldItalic.ttf) italic normal bold condensed>) = 11.535
20191024_145249|Proc-5643|DEBUG|findfont: score(<Font 'KacstOne' (KacstOne-Bold.ttf) normal normal bold normal>) = 10.335
20191024_145249|Proc-5643|DEBUG|findfont: score(<Font 'Padauk Book' (PadaukBook-Regular.ttf) normal normal book normal>) = 10.05
20191024_145249|Proc-5643|DEBUG|findfont: score(<Font 'Gargi' (Gargi.ttf) normal normal 400 normal>) = 10.05
20191024_145249|Proc-5643|DEBUG|findfont: score(<Font 'Andale Mono' (Andale_Mono.ttf) normal normal 400 normal>) = 10.05
20191024_145249|Proc-5643|DEBUG|findfont: score(<Font 'Likhan' (LikhanNormal.ttf) normal normal 400 normal>) = 10.05
20191024_145249|Proc-5643|DEBUG|findfont: score(<Font 'Raleway' (Raleway-Bold.ttf) normal normal bold normal>) = 10.335
20191024_145249|Proc-5643|DEBUG|findfont: score(<Font 'KacstTitle' (KacstTitle.ttf) normal normal 400 normal>) = 10.05
20191024_145249|Proc-5643|DEBUG|findfont: score(<Font 'KacstFarsi' (KacstFarsi.ttf) normal normal 400 normal>) = 10.05
20191024_145249|Proc-5643|DEBUG|findfont: score(<Font 'padmaa-Bold.1.1' (padmaa-Bold.1.1.ttf) normal normal bold normal>) = 10.335
20191024_145249|Proc-5643|DEBUG|findfont: score(<Font 'Umpush' (Umpush.ttf) normal normal 400 normal>) = 10.05
20191024_145249|Proc-5643|DEBUG|findfont: score(<Font 'Liberation Mono' (LiberationMono-Regular.ttf) normal normal 400 normal>) = 10.05
20191024_145249|Proc-5643|DEBUG|findfont: score(<Font 'Tlwg Typewriter' (TlwgTypewriter-Bold.ttf) normal normal bold normal>) = 10.335
20191024_145249|Proc-5643|DEBUG|findfont: score(<Font 'Jamrul' (JamrulNormal.ttf) normal normal 400 normal>) = 10.05
20191024_145249|Proc-5643|DEBUG|findfont: score(<Font 'Liberation Mono' (LiberationMono-BoldItalic.ttf) italic normal bold normal>) = 11.335
20191024_145249|Proc-5643|DEBUG|findfont: score(<Font 'Karumbi' (Karumbi.ttf) normal normal 400 normal>) = 10.05
20191024_145249|Proc-5643|DEBUG|findfont: score(<Font 'Loma' (Loma-Bold.ttf) normal normal bold normal>) = 10.335
20191024_145249|Proc-5643|DEBUG|findfont: score(<Font 'Pothana2000' (Pothana2000.ttf) normal normal 400 normal>) = 10.05
20191024_145249|Proc-5643|DEBUG|findfont: score(<Font 'Verdana' (Verdana_Italic.ttf) italic normal 400 normal>) = 4.6863636363636365
20191024_145249|Proc-5643|DEBUG|findfont: score(<Font 'Courier New' (Courier_New_Bold.ttf) normal normal bold normal>) = 10.335
20191024_145249|Proc-5643|DEBUG|findfont: score(<Font 'Garuda' (Garuda-BoldOblique.ttf) oblique normal bold normal>) = 11.335
20191024_145249|Proc-5643|DEBUG|findfont: score(<Font 'Samyak Malayalam' (Samyak-Malayalam.ttf) normal normal 400 normal>) = 10.05
20191024_145249|Proc-5643|DEBUG|findfont: score(<Font 'Raleway' (Raleway-Thin.ttf) normal normal 400 normal>) = 10.05
20191024_145249|Proc-5643|DEBUG|findfont: score(<Font 'Arial' (Arial_Bold.ttf) normal normal bold normal>) = 6.698636363636363
20191024_145249|Proc-5643|DEBUG|findfont: score(<Font 'Trebuchet MS' (Trebuchet_MS_Bold.ttf) normal normal bold normal>) = 10.335
20191024_145249|Proc-5643|DEBUG|findfont: score(<Font 'Raleway' (Raleway-Black.ttf) normal normal black normal>) = 10.525
20191024_145249|Proc-5643|DEBUG|findfont: score(<Font 'Times New Roman' (timesbi.ttf) italic normal roman normal>) = 11.145
20191024_145249|Proc-5643|DEBUG|findfont: score(<Font 'Trebuchet MS' (Trebuchet_MS.ttf) normal normal 400 normal>) = 10.05
20191024_145249|Proc-5643|DEBUG|findfont: score(<Font 'Purisa' (Purisa.ttf) normal normal 400 normal>) = 10.05
20191024_145249|Proc-5643|DEBUG|findfont: score(<Font 'Norasi' (Norasi-Italic.ttf) italic normal 400 normal>) = 11.05
20191024_145249|Proc-5643|DEBUG|findfont: score(<Font 'FreeMono' (FreeMonoOblique.ttf) oblique normal 400 normal>) = 11.05
20191024_145249|Proc-5643|DEBUG|findfont: score(<Font 'Tlwg Typewriter' (TlwgTypewriter-BoldOblique.ttf) oblique normal bold normal>) = 11.335
20191024_145249|Proc-5643|DEBUG|findfont: score(<Font 'Ubuntu' (Ubuntu-MI.ttf) italic normal medium normal>) = 11.145
20191024_145249|Proc-5643|DEBUG|findfont: score(<Font 'Kalapi' (Kalapi.ttf) normal normal 400 normal>) = 10.05
20191024_145249|Proc-5643|DEBUG|findfont: score(<Font 'Abyssinica SIL' (AbyssinicaSIL-R.ttf) normal normal 400 normal>) = 10.05
20191024_145249|Proc-5643|DEBUG|findfont: score(<Font 'Ubuntu' (Ubuntu-RI.ttf) italic normal 400 normal>) = 11.05
20191024_145249|Proc-5643|DEBUG|findfont: score(<Font 'Raleway' (Raleway-SemiBold.ttf) normal normal semibold normal>) = 10.24
20191024_145249|Proc-5643|DEBUG|findfont: score(<Font 'Lohit Gujarati' (Lohit-Gujarati.ttf) normal normal 400 normal>) = 10.05
20191024_145249|Proc-5643|DEBUG|findfont: score(<Font 'Raleway' (Raleway-Medium.ttf) normal normal medium normal>) = 10.145
20191024_145249|Proc-5643|DEBUG|findfont: score(<Font 'Arial' (Arial.ttf) normal normal 400 normal>) = 6.413636363636363
20191024_145249|Proc-5643|DEBUG|findfont: score(<Font 'Chandas' (chandas1-2.ttf) normal normal 400 normal>) = 10.05
20191024_145249|Proc-5643|DEBUG|findfont: score(<Font 'Tlwg Typo' (TlwgTypo-Oblique.ttf) oblique normal 400 normal>) = 11.05
20191024_145249|Proc-5643|DEBUG|findfont: score(<Font 'Verdana' (verdanab.ttf) normal normal bold normal>) = 3.9713636363636367
20191024_145249|Proc-5643|DEBUG|findfont: score(<Font 'Times New Roman' (timesbd.ttf) normal normal roman normal>) = 10.145
20191024_145249|Proc-5643|DEBUG|findfont: score(<Font 'Samyak Devanagari' (Samyak-Devanagari.ttf) normal normal 400 normal>) = 10.05
20191024_145249|Proc-5643|DEBUG|findfont: score(<Font 'KacstPen' (KacstPen.ttf) normal normal 400 normal>) = 10.05
20191024_145249|Proc-5643|DEBUG|findfont: score(<Font 'Norasi' (Norasi-BoldOblique.ttf) oblique normal bold normal>) = 11.335
20191024_145249|Proc-5643|DEBUG|findfont: score(<Font 'Manjari' (Manjari-Thin.otf) normal normal 400 normal>) = 10.05
20191024_145249|Proc-5643|DEBUG|findfont: score(<Font 'Purisa' (Purisa-Oblique.ttf) oblique normal 400 normal>) = 11.05
20191024_145249|Proc-5643|DEBUG|findfont: score(<Font 'Mukti Narrow' (MuktiNarrowBold.ttf) normal normal 700 normal>) = 10.335
20191024_145249|Proc-5643|DEBUG|findfont: score(<Font 'Raleway' (Raleway-ExtraLight.ttf) normal normal light normal>) = 10.24
20191024_145249|Proc-5643|DEBUG|findfont: score(<Font 'Ubuntu Mono' (UbuntuMono-RI.ttf) italic normal 400 normal>) = 11.05
20191024_145249|Proc-5643|DEBUG|findfont: score(<Font 'Gubbi' (Gubbi.ttf) normal normal 400 normal>) = 10.05
20191024_145249|Proc-5643|DEBUG|findfont: score(<Font 'Ubuntu Condensed' (Ubuntu-C.ttf) normal normal 400 condensed>) = 10.25
20191024_145249|Proc-5643|DEBUG|findfont: score(<Font 'Comic Sans MS' (Comic_Sans_MS.ttf) normal normal 400 normal>) = 10.05
20191024_145249|Proc-5643|DEBUG|findfont: score(<Font 'Suruma' (Suruma.ttf) normal normal 400 normal>) = 10.05
20191024_145249|Proc-5643|DEBUG|findfont: score(<Font 'Times New Roman' (Times_New_Roman_Italic.ttf) italic normal roman normal>) = 11.145
20191024_145249|Proc-5643|DEBUG|findfont: score(<Font 'Manjari' (Manjari-Bold.otf) normal normal bold normal>) = 10.335
20191024_145249|Proc-5643|DEBUG|findfont: score(<Font 'Noto Serif CJK JP' (NotoSerifCJK-Regular.ttc) normal normal 400 normal>) = 10.05
20191024_145249|Proc-5643|DEBUG|findfont: score(<Font 'Kalimati' (kalimati.ttf) normal normal 400 normal>) = 10.05
20191024_145249|Proc-5643|DEBUG|findfont: score(<Font 'Noto Mono' (NotoMono-Regular.ttf) normal normal 400 normal>) = 10.05
20191024_145249|Proc-5643|DEBUG|findfont: score(<Font 'Saab' (Saab.ttf) normal normal 400 normal>) = 10.05
20191024_145249|Proc-5643|DEBUG|findfont: score(<Font 'Courier New' (Courier_New_Italic.ttf) italic normal 400 normal>) = 11.05
20191024_145249|Proc-5643|DEBUG|findfont: score(<Font 'Webdings' (Webdings.ttf) normal normal 400 normal>) = 10.05
20191024_145249|Proc-5643|DEBUG|findfont: score(<Font 'Samyak Gujarati' (Samyak-Gujarati.ttf) normal normal 400 normal>) = 10.05
20191024_145249|Proc-5643|DEBUG|findfont: score(<Font 'Verdana' (verdanaz.ttf) italic normal bold normal>) = 4.971363636363637
20191024_145249|Proc-5643|DEBUG|findfont: score(<Font 'Tlwg Typist' (TlwgTypist.ttf) normal normal 400 normal>) = 10.05
20191024_145249|Proc-5643|DEBUG|findfont: score(<Font 'LKLUG' (lklug.ttf) normal normal 400 normal>) = 10.05
20191024_145249|Proc-5643|DEBUG|findfont: score(<Font 'Padauk Book' (PadaukBook-Bold.ttf) normal normal book normal>) = 10.05
20191024_145249|Proc-5643|DEBUG|findfont: score(<Font 'KacstQurn' (KacstQurn.ttf) normal normal 400 normal>) = 10.05
20191024_145249|Proc-5643|DEBUG|findfont: score(<Font 'Trebuchet MS' (trebucbd.ttf) normal normal bold normal>) = 10.335
20191024_145249|Proc-5643|DEBUG|findfont: score(<Font 'Arial' (arialbd.ttf) normal normal bold normal>) = 6.698636363636363
20191024_145249|Proc-5643|DEBUG|findfont: score(<Font 'Kinnari' (Kinnari-Italic.ttf) italic normal 400 normal>) = 11.05
20191024_145249|Proc-5643|DEBUG|findfont: score(<Font 'Kinnari' (Kinnari-Bold.ttf) normal normal bold normal>) = 10.335
20191024_145249|Proc-5643|DEBUG|findfont: score(<Font 'Rachana' (Rachana-Bold.ttf) normal normal bold normal>) = 10.335
20191024_145249|Proc-5643|DEBUG|findfont: score(<Font 'Lohit Gurmukhi' (Lohit-Gurmukhi.ttf) normal normal 400 normal>) = 10.05
20191024_145249|Proc-5643|DEBUG|findfont: score(<Font 'Tlwg Mono' (TlwgMono-BoldOblique.ttf) oblique normal bold normal>) = 11.335
20191024_145249|Proc-5643|DEBUG|findfont: score(<Font 'FreeMono' (FreeMonoBoldOblique.ttf) oblique normal bold normal>) = 11.335
20191024_145249|Proc-5643|DEBUG|findfont: Matching :family=sans-serif:style=normal:variant=normal:weight=normal:stretch=normal:size=12.0 to DejaVu Sans ('/home/jpastorino/anaconda3/lib/python3.7/site-packages/matplotlib/mpl-data/fonts/ttf/DejaVuSans.ttf') with score of 0.050000.
20191024_145249|Proc-5643|DEBUG|findfont: Matching :family=sans-serif:style=normal:variant=normal:weight=normal:stretch=normal:size=10.0.
20191024_145249|Proc-5643|DEBUG|findfont: score(<Font 'cmmi10' (cmmi10.ttf) normal normal 400 normal>) = 10.05
20191024_145249|Proc-5643|DEBUG|findfont: score(<Font 'DejaVu Sans Display' (DejaVuSansDisplay.ttf) normal normal 400 normal>) = 10.05
20191024_145249|Proc-5643|DEBUG|findfont: score(<Font 'cmtt10' (cmtt10.ttf) normal normal 400 normal>) = 10.05
20191024_145249|Proc-5643|DEBUG|findfont: score(<Font 'STIXSizeTwoSym' (STIXSizTwoSymReg.ttf) normal normal regular normal>) = 10.05
20191024_145249|Proc-5643|DEBUG|findfont: score(<Font 'DejaVu Sans Mono' (DejaVuSansMono.ttf) normal normal 400 normal>) = 10.05
20191024_145249|Proc-5643|DEBUG|findfont: score(<Font 'DejaVu Sans Mono' (DejaVuSansMono-Bold.ttf) normal normal bold normal>) = 10.335
20191024_145249|Proc-5643|DEBUG|findfont: score(<Font 'STIXGeneral' (STIXGeneralBol.ttf) normal normal bold normal>) = 10.335
20191024_145249|Proc-5643|DEBUG|findfont: score(<Font 'STIXGeneral' (STIXGeneralBolIta.ttf) italic normal bold normal>) = 11.335
20191024_145249|Proc-5643|DEBUG|findfont: score(<Font 'STIXNonUnicode' (STIXNonUniIta.ttf) italic normal 400 normal>) = 11.05
20191024_145249|Proc-5643|DEBUG|findfont: score(<Font 'STIXSizeFiveSym' (STIXSizFiveSymReg.ttf) normal normal regular normal>) = 10.05
20191024_145249|Proc-5643|DEBUG|findfont: score(<Font 'DejaVu Sans Mono' (DejaVuSansMono-Oblique.ttf) oblique normal 400 normal>) = 11.05
20191024_145249|Proc-5643|DEBUG|findfont: score(<Font 'STIXGeneral' (STIXGeneral.ttf) normal normal regular normal>) = 10.05
20191024_145249|Proc-5643|DEBUG|findfont: score(<Font 'STIXNonUnicode' (STIXNonUni.ttf) normal normal regular normal>) = 10.05
20191024_145249|Proc-5643|DEBUG|findfont: score(<Font 'DejaVu Serif' (DejaVuSerif.ttf) normal normal 400 normal>) = 10.05
20191024_145249|Proc-5643|DEBUG|findfont: score(<Font 'cmss10' (cmss10.ttf) normal normal 400 normal>) = 10.05
20191024_145249|Proc-5643|DEBUG|findfont: score(<Font 'STIXNonUnicode' (STIXNonUniBol.ttf) normal normal bold normal>) = 10.335
20191024_145249|Proc-5643|DEBUG|findfont: score(<Font 'STIXSizeThreeSym' (STIXSizThreeSymReg.ttf) normal normal regular normal>) = 10.05
20191024_145249|Proc-5643|DEBUG|findfont: score(<Font 'cmb10' (cmb10.ttf) normal normal 400 normal>) = 10.05
20191024_145249|Proc-5643|DEBUG|findfont: score(<Font 'cmex10' (cmex10.ttf) normal normal 400 normal>) = 10.05
20191024_145249|Proc-5643|DEBUG|findfont: score(<Font 'DejaVu Sans' (DejaVuSans-Oblique.ttf) oblique normal 400 normal>) = 1.05
20191024_145249|Proc-5643|DEBUG|findfont: score(<Font 'STIXSizeOneSym' (STIXSizOneSymReg.ttf) normal normal regular normal>) = 10.05
20191024_145249|Proc-5643|DEBUG|findfont: score(<Font 'STIXSizeFourSym' (STIXSizFourSymBol.ttf) normal normal bold normal>) = 10.335
20191024_145249|Proc-5643|DEBUG|findfont: score(<Font 'cmsy10' (cmsy10.ttf) normal normal 400 normal>) = 10.05
20191024_145249|Proc-5643|DEBUG|findfont: score(<Font 'STIXSizeFourSym' (STIXSizFourSymReg.ttf) normal normal regular normal>) = 10.05
20191024_145249|Proc-5643|DEBUG|findfont: score(<Font 'DejaVu Sans' (DejaVuSans.ttf) normal normal 400 normal>) = 0.05
20191024_145249|Proc-5643|DEBUG|findfont: score(<Font 'DejaVu Serif Display' (DejaVuSerifDisplay.ttf) normal normal 400 normal>) = 10.05
20191024_145249|Proc-5643|DEBUG|findfont: score(<Font 'DejaVu Sans Mono' (DejaVuSansMono-BoldOblique.ttf) oblique normal bold normal>) = 11.335
20191024_145249|Proc-5643|DEBUG|findfont: score(<Font 'DejaVu Sans' (DejaVuSans-Bold.ttf) normal normal bold normal>) = 0.33499999999999996
20191024_145249|Proc-5643|DEBUG|findfont: score(<Font 'DejaVu Serif' (DejaVuSerif-BoldItalic.ttf) italic normal bold normal>) = 11.335
20191024_145249|Proc-5643|DEBUG|findfont: score(<Font 'STIXSizeOneSym' (STIXSizOneSymBol.ttf) normal normal bold normal>) = 10.335
20191024_145249|Proc-5643|DEBUG|findfont: score(<Font 'STIXSizeTwoSym' (STIXSizTwoSymBol.ttf) normal normal bold normal>) = 10.335
20191024_145249|Proc-5643|DEBUG|findfont: score(<Font 'DejaVu Sans' (DejaVuSans-BoldOblique.ttf) oblique normal bold normal>) = 1.335
20191024_145249|Proc-5643|DEBUG|findfont: score(<Font 'cmr10' (cmr10.ttf) normal normal 400 normal>) = 10.05
20191024_145249|Proc-5643|DEBUG|findfont: score(<Font 'STIXNonUnicode' (STIXNonUniBolIta.ttf) italic normal bold normal>) = 11.335
20191024_145249|Proc-5643|DEBUG|findfont: score(<Font 'STIXSizeThreeSym' (STIXSizThreeSymBol.ttf) normal normal bold normal>) = 10.335
20191024_145249|Proc-5643|DEBUG|findfont: score(<Font 'STIXGeneral' (STIXGeneralItalic.ttf) italic normal 400 normal>) = 11.05
20191024_145249|Proc-5643|DEBUG|findfont: score(<Font 'DejaVu Serif' (DejaVuSerif-Italic.ttf) italic normal 400 normal>) = 11.05
20191024_145249|Proc-5643|DEBUG|findfont: score(<Font 'DejaVu Serif' (DejaVuSerif-Bold.ttf) normal normal bold normal>) = 10.335
20191024_145249|Proc-5643|DEBUG|findfont: score(<Font 'FreeSans' (FreeSansBoldOblique.ttf) oblique normal bold normal>) = 11.335
20191024_145249|Proc-5643|DEBUG|findfont: score(<Font 'Ubuntu Mono' (UbuntuMono-R.ttf) normal normal 400 normal>) = 10.05
20191024_145249|Proc-5643|DEBUG|findfont: score(<Font 'Umpush' (Umpush-BoldOblique.ttf) oblique normal bold normal>) = 11.335
20191024_145249|Proc-5643|DEBUG|findfont: score(<Font 'Nakula' (nakula.ttf) normal normal 400 normal>) = 10.05
20191024_145249|Proc-5643|DEBUG|findfont: score(<Font 'Mitra Mono' (mitra.ttf) normal normal 400 normal>) = 10.05
20191024_145249|Proc-5643|DEBUG|findfont: score(<Font 'Ubuntu' (Ubuntu-M.ttf) normal normal medium normal>) = 10.145
20191024_145249|Proc-5643|DEBUG|findfont: score(<Font 'Courier New' (Courier_New_Bold_Italic.ttf) italic normal bold normal>) = 11.335
20191024_145249|Proc-5643|DEBUG|findfont: score(<Font 'Noto Sans CJK JP' (NotoSansCJK-Regular.ttc) normal normal 400 normal>) = 10.05
20191024_145249|Proc-5643|DEBUG|findfont: score(<Font 'Times New Roman' (Times_New_Roman.ttf) normal normal roman normal>) = 10.145
20191024_145249|Proc-5643|DEBUG|findfont: score(<Font 'ori1Uni' (utkal.ttf) normal normal medium normal>) = 10.145
20191024_145249|Proc-5643|DEBUG|findfont: score(<Font 'Lohit Bengali' (Lohit-Bengali.ttf) normal normal 400 normal>) = 10.05
20191024_145249|Proc-5643|DEBUG|findfont: score(<Font 'Laksaman' (Laksaman-BoldItalic.ttf) italic normal bold normal>) = 11.335
20191024_145249|Proc-5643|DEBUG|findfont: score(<Font 'Raleway' (Raleway-Regular.ttf) normal normal regular normal>) = 10.05
20191024_145249|Proc-5643|DEBUG|findfont: score(<Font 'KacstBook' (KacstBook.ttf) normal normal book normal>) = 10.05
20191024_145249|Proc-5643|DEBUG|findfont: score(<Font 'FreeMono' (FreeMonoBold.ttf) normal normal bold normal>) = 10.335
20191024_145249|Proc-5643|DEBUG|findfont: score(<Font 'FreeSans' (FreeSansBold.ttf) normal normal bold normal>) = 10.335
20191024_145249|Proc-5643|DEBUG|findfont: score(<Font 'Keraleeyam' (Keraleeyam.ttf) normal normal 700 normal>) = 10.335
20191024_145249|Proc-5643|DEBUG|findfont: score(<Font 'Lohit Telugu' (Lohit-Telugu.ttf) normal normal 400 normal>) = 10.05
20191024_145249|Proc-5643|DEBUG|findfont: score(<Font 'Norasi' (Norasi-Bold.ttf) normal normal bold normal>) = 10.335
20191024_145249|Proc-5643|DEBUG|findfont: score(<Font 'Arial' (arialbi.ttf) italic normal bold normal>) = 7.698636363636363
20191024_145249|Proc-5643|DEBUG|findfont: score(<Font 'Loma' (Loma.ttf) normal normal 400 normal>) = 10.05
20191024_145249|Proc-5643|DEBUG|findfont: score(<Font 'Ubuntu' (Ubuntu-R.ttf) normal normal 400 normal>) = 10.05
20191024_145249|Proc-5643|DEBUG|findfont: score(<Font 'Ubuntu Mono' (UbuntuMono-BI.ttf) italic normal bold normal>) = 11.335
20191024_145249|Proc-5643|DEBUG|findfont: score(<Font 'Waree' (Waree.ttf) normal normal 400 normal>) = 10.05
20191024_145249|Proc-5643|DEBUG|findfont: score(<Font 'Rekha' (Rekha.ttf) normal normal 400 normal>) = 10.05
20191024_145249|Proc-5643|DEBUG|findfont: score(<Font 'Times New Roman' (Times_New_Roman_Bold.ttf) normal normal roman normal>) = 10.145
20191024_145249|Proc-5643|DEBUG|findfont: score(<Font 'Verdana' (Verdana.ttf) normal normal 400 normal>) = 3.6863636363636365
20191024_145249|Proc-5643|DEBUG|findfont: score(<Font 'Loma' (Loma-BoldOblique.ttf) oblique normal bold normal>) = 11.335
20191024_145249|Proc-5643|DEBUG|findfont: score(<Font 'Liberation Mono' (LiberationMono-Bold.ttf) normal normal bold normal>) = 10.335
20191024_145249|Proc-5643|DEBUG|findfont: score(<Font 'Arial' (Arial_Bold_Italic.ttf) italic normal bold normal>) = 7.698636363636363
20191024_145249|Proc-5643|DEBUG|findfont: score(<Font 'Waree' (Waree-Bold.ttf) normal normal bold normal>) = 10.335
20191024_145249|Proc-5643|DEBUG|findfont: score(<Font 'Courier New' (courbd.ttf) normal normal bold normal>) = 10.335
20191024_145249|Proc-5643|DEBUG|findfont: score(<Font 'Lohit Assamese' (Lohit-Assamese.ttf) normal normal 400 normal>) = 10.05
20191024_145249|Proc-5643|DEBUG|findfont: score(<Font 'padmaa' (padmaa-Medium-0.5.ttf) normal normal normal normal>) = 10.0
20191024_145249|Proc-5643|DEBUG|findfont: score(<Font 'mry_KacstQurn' (mry_KacstQurn.ttf) normal normal 400 normal>) = 10.05
20191024_145249|Proc-5643|DEBUG|findfont: score(<Font 'Andale Mono' (andalemo.ttf) normal normal 400 normal>) = 10.05
20191024_145249|Proc-5643|DEBUG|findfont: score(<Font 'RaghuMalayalam' (RaghuMalayalamSans-Regular.ttf) normal normal regular normal>) = 10.05
20191024_145249|Proc-5643|DEBUG|findfont: score(<Font 'Tlwg Mono' (TlwgMono-Oblique.ttf) oblique normal 400 normal>) = 11.05
20191024_145249|Proc-5643|DEBUG|findfont: score(<Font 'Verdana' (Verdana_Bold_Italic.ttf) italic normal bold normal>) = 4.971363636363637
20191024_145249|Proc-5643|DEBUG|findfont: score(<Font 'Lohit Odia' (Lohit-Odia.ttf) normal normal 400 normal>) = 10.05
20191024_145249|Proc-5643|DEBUG|findfont: score(<Font 'Norasi' (Norasi.ttf) normal normal 400 normal>) = 10.05
20191024_145249|Proc-5643|DEBUG|findfont: score(<Font 'Tlwg Typewriter' (TlwgTypewriter.ttf) normal normal 400 normal>) = 10.05
20191024_145249|Proc-5643|DEBUG|findfont: score(<Font 'Georgia' (georgia.ttf) normal normal 400 normal>) = 10.05
20191024_145249|Proc-5643|DEBUG|findfont: score(<Font 'Phetsarath OT' (Phetsarath_OT.ttf) normal normal 400 normal>) = 10.05
20191024_145249|Proc-5643|DEBUG|findfont: score(<Font 'Trebuchet MS' (trebucit.ttf) italic normal 400 normal>) = 11.05
20191024_145249|Proc-5643|DEBUG|findfont: score(<Font 'Tlwg Typo' (TlwgTypo-Bold.ttf) normal normal bold normal>) = 10.335
20191024_145249|Proc-5643|DEBUG|findfont: score(<Font 'Manjari' (Manjari-Regular.otf) normal normal regular normal>) = 10.05
20191024_145249|Proc-5643|DEBUG|findfont: score(<Font 'aakar' (aakar-medium.ttf) normal normal 400 normal>) = 10.05
20191024_145249|Proc-5643|DEBUG|findfont: score(<Font 'Noto Sans CJK JP' (NotoSansCJK-Bold.ttc) normal normal bold normal>) = 10.335
20191024_145249|Proc-5643|DEBUG|findfont: score(<Font 'Dyuthi' (Dyuthi.ttf) normal normal 400 normal>) = 10.05
20191024_145249|Proc-5643|DEBUG|findfont: score(<Font 'Georgia' (georgiai.ttf) italic normal 400 normal>) = 11.05
20191024_145249|Proc-5643|DEBUG|findfont: score(<Font 'Liberation Sans' (LiberationSans-Regular.ttf) normal normal 400 normal>) = 10.05
20191024_145249|Proc-5643|DEBUG|findfont: score(<Font 'Rachana' (Rachana-Regular.ttf) normal normal regular normal>) = 10.05
20191024_145249|Proc-5643|DEBUG|findfont: score(<Font 'Lohit Tamil' (Lohit-Tamil.ttf) normal normal 400 normal>) = 10.05
20191024_145249|Proc-5643|DEBUG|findfont: score(<Font 'Lohit Malayalam' (Lohit-Malayalam.ttf) normal normal 400 normal>) = 10.05
20191024_145249|Proc-5643|DEBUG|findfont: score(<Font 'Liberation Mono' (LiberationMono-Italic.ttf) italic normal 400 normal>) = 11.05
20191024_145249|Proc-5643|DEBUG|findfont: score(<Font 'Courier New' (courbi.ttf) italic normal bold normal>) = 11.335
20191024_145249|Proc-5643|DEBUG|findfont: score(<Font 'Liberation Serif' (LiberationSerif-Regular.ttf) normal normal 400 normal>) = 10.05
20191024_145249|Proc-5643|DEBUG|findfont: score(<Font 'FreeSerif' (FreeSerifItalic.ttf) italic normal 400 normal>) = 11.05
20191024_145249|Proc-5643|DEBUG|findfont: score(<Font 'Samyak Tamil' (Samyak-Tamil.ttf) normal normal 400 normal>) = 10.05
20191024_145249|Proc-5643|DEBUG|findfont: score(<Font 'Comic Sans MS' (comic.ttf) normal normal 400 normal>) = 10.05
20191024_145249|Proc-5643|DEBUG|findfont: score(<Font 'Ubuntu' (Ubuntu-LI.ttf) italic normal light normal>) = 11.24
20191024_145249|Proc-5643|DEBUG|findfont: score(<Font 'Arial' (arial.ttf) normal normal 400 normal>) = 6.413636363636363
20191024_145249|Proc-5643|DEBUG|findfont: score(<Font 'FreeSans' (FreeSansOblique.ttf) oblique normal 400 normal>) = 11.05
20191024_145249|Proc-5643|DEBUG|findfont: score(<Font 'Noto Serif CJK JP' (NotoSerifCJK-Bold.ttc) normal normal bold normal>) = 10.335
20191024_145249|Proc-5643|DEBUG|findfont: score(<Font 'KacstDigital' (KacstDigital.ttf) normal normal 400 normal>) = 10.05
20191024_145249|Proc-5643|DEBUG|findfont: score(<Font 'KacstDecorative' (KacstDecorative.ttf) normal normal 400 normal>) = 10.05
20191024_145249|Proc-5643|DEBUG|findfont: score(<Font 'Impact' (impact.ttf) normal normal 400 normal>) = 10.05
20191024_145249|Proc-5643|DEBUG|findfont: score(<Font 'padmaa' (padmaa.ttf) normal normal 400 normal>) = 10.05
20191024_145249|Proc-5643|DEBUG|findfont: score(<Font 'Liberation Serif' (LiberationSerif-Italic.ttf) italic normal 400 normal>) = 11.05
20191024_145249|Proc-5643|DEBUG|findfont: score(<Font 'Waree' (Waree-Oblique.ttf) oblique normal 400 normal>) = 11.05
20191024_145249|Proc-5643|DEBUG|findfont: score(<Font 'Georgia' (Georgia_Bold.ttf) normal normal bold normal>) = 10.335
20191024_145249|Proc-5643|DEBUG|findfont: score(<Font 'Kinnari' (Kinnari-BoldOblique.ttf) oblique normal bold normal>) = 11.335
20191024_145249|Proc-5643|DEBUG|findfont: score(<Font 'Lohit Tamil Classical' (Lohit-Tamil-Classical.ttf) normal normal 400 normal>) = 10.05
20191024_145249|Proc-5643|DEBUG|findfont: score(<Font 'Loma' (Loma-Oblique.ttf) oblique normal 400 normal>) = 11.05
20191024_145249|Proc-5643|DEBUG|findfont: score(<Font 'Liberation Serif' (LiberationSerif-BoldItalic.ttf) italic normal bold normal>) = 11.335
20191024_145249|Proc-5643|DEBUG|findfont: score(<Font 'Liberation Sans Narrow' (LiberationSansNarrow-Italic.ttf) italic normal 400 condensed>) = 11.25
20191024_145249|Proc-5643|DEBUG|findfont: score(<Font 'Meera' (Meera.ttf) normal normal 400 normal>) = 10.05
20191024_145249|Proc-5643|DEBUG|findfont: score(<Font 'Laksaman' (Laksaman-Bold.ttf) normal normal bold normal>) = 10.335
20191024_145249|Proc-5643|DEBUG|findfont: score(<Font 'Verdana' (verdana.ttf) normal normal 400 normal>) = 3.6863636363636365
20191024_145249|Proc-5643|DEBUG|findfont: score(<Font 'Samanata' (samanata.ttf) normal normal 400 normal>) = 10.05
20191024_145249|Proc-5643|DEBUG|findfont: score(<Font 'AnjaliOldLipi' (AnjaliOldLipi.ttf) normal normal 400 normal>) = 10.05
20191024_145249|Proc-5643|DEBUG|findfont: score(<Font 'Tlwg Typo' (TlwgTypo-BoldOblique.ttf) oblique normal bold normal>) = 11.335
20191024_145249|Proc-5643|DEBUG|findfont: score(<Font 'Comic Sans MS' (comicbd.ttf) normal normal bold normal>) = 10.335
20191024_145249|Proc-5643|DEBUG|findfont: score(<Font 'Trebuchet MS' (Trebuchet_MS_Bold_Italic.ttf) italic normal bold normal>) = 11.335
20191024_145249|Proc-5643|DEBUG|findfont: score(<Font 'Courier New' (couri.ttf) italic normal 400 normal>) = 11.05
20191024_145249|Proc-5643|DEBUG|findfont: score(<Font 'Arial Black' (Arial_Black.ttf) normal normal black normal>) = 10.525
20191024_145249|Proc-5643|DEBUG|findfont: score(<Font 'Raleway' (Raleway-Light.ttf) normal normal light normal>) = 10.24
20191024_145249|Proc-5643|DEBUG|findfont: score(<Font 'Umpush' (Umpush-Light.ttf) normal normal light normal>) = 10.24
20191024_145249|Proc-5643|DEBUG|findfont: score(<Font 'Ubuntu' (Ubuntu-BI.ttf) italic normal bold normal>) = 11.335
20191024_145249|Proc-5643|DEBUG|findfont: score(<Font 'Kinnari' (Kinnari-BoldItalic.ttf) italic normal bold normal>) = 11.335
20191024_145249|Proc-5643|DEBUG|findfont: score(<Font 'Times New Roman' (Times_New_Roman_Bold_Italic.ttf) italic normal roman normal>) = 11.145
20191024_145249|Proc-5643|DEBUG|findfont: score(<Font 'KacstScreen' (KacstScreen.ttf) normal normal 400 normal>) = 10.05
20191024_145249|Proc-5643|DEBUG|findfont: score(<Font 'Ubuntu Mono' (UbuntuMono-B.ttf) normal normal bold normal>) = 10.335
20191024_145249|Proc-5643|DEBUG|findfont: score(<Font 'Arial' (Arial_Italic.ttf) italic normal 400 normal>) = 7.413636363636363
20191024_145249|Proc-5643|DEBUG|findfont: score(<Font 'FreeMono' (FreeMono.ttf) normal normal 400 normal>) = 10.05
20191024_145249|Proc-5643|DEBUG|findfont: score(<Font 'Webdings' (webdings.ttf) normal normal 400 normal>) = 10.05
20191024_145249|Proc-5643|DEBUG|findfont: score(<Font 'Navilu' (Navilu.ttf) normal normal 400 normal>) = 10.05
20191024_145249|Proc-5643|DEBUG|findfont: score(<Font 'Verdana' (Verdana_Bold.ttf) normal normal bold normal>) = 3.9713636363636367
20191024_145249|Proc-5643|DEBUG|findfont: score(<Font 'Liberation Sans' (LiberationSans-BoldItalic.ttf) italic normal bold normal>) = 11.335
20191024_145249|Proc-5643|DEBUG|findfont: score(<Font 'Kinnari' (Kinnari-Oblique.ttf) oblique normal 400 normal>) = 11.05
20191024_145249|Proc-5643|DEBUG|findfont: score(<Font 'Georgia' (georgiaz.ttf) italic normal bold normal>) = 11.335
20191024_145249|Proc-5643|DEBUG|findfont: score(<Font 'KacstPoster' (KacstPoster.ttf) normal normal 400 normal>) = 10.05
20191024_145249|Proc-5643|DEBUG|findfont: score(<Font 'Georgia' (Georgia.ttf) normal normal 400 normal>) = 10.05
20191024_145249|Proc-5643|DEBUG|findfont: score(<Font 'KacstLetter' (KacstLetter.ttf) normal normal 400 normal>) = 10.05
20191024_145249|Proc-5643|DEBUG|findfont: score(<Font 'Liberation Serif' (LiberationSerif-Bold.ttf) normal normal bold normal>) = 10.335
20191024_145249|Proc-5643|DEBUG|findfont: score(<Font 'Liberation Sans Narrow' (LiberationSansNarrow-Regular.ttf) normal normal 400 condensed>) = 10.25
20191024_145249|Proc-5643|DEBUG|findfont: score(<Font 'FreeSerif' (FreeSerifBoldItalic.ttf) italic normal bold normal>) = 11.335
20191024_145249|Proc-5643|DEBUG|findfont: score(<Font 'Trebuchet MS' (Trebuchet_MS_Italic.ttf) italic normal 400 normal>) = 11.05
20191024_145249|Proc-5643|DEBUG|findfont: score(<Font 'Tlwg Typist' (TlwgTypist-Bold.ttf) normal normal bold normal>) = 10.335
20191024_145249|Proc-5643|DEBUG|findfont: score(<Font 'Sawasdee' (Sawasdee-Bold.ttf) normal normal bold normal>) = 10.335
20191024_145249|Proc-5643|DEBUG|findfont: score(<Font 'KacstNaskh' (KacstNaskh.ttf) normal normal 400 normal>) = 10.05
20191024_145249|Proc-5643|DEBUG|findfont: score(<Font 'Kinnari' (Kinnari.ttf) normal normal 400 normal>) = 10.05
20191024_145249|Proc-5643|DEBUG|findfont: score(<Font 'Umpush' (Umpush-LightOblique.ttf) oblique normal light normal>) = 11.24
20191024_145249|Proc-5643|DEBUG|findfont: score(<Font 'Uroob' (Uroob.ttf) normal normal 700 normal>) = 10.335
20191024_145249|Proc-5643|DEBUG|findfont: score(<Font 'Norasi' (Norasi-Oblique.ttf) oblique normal 400 normal>) = 11.05
20191024_145249|Proc-5643|DEBUG|findfont: score(<Font 'Ani' (ani.ttf) normal normal 400 normal>) = 10.05
20191024_145249|Proc-5643|DEBUG|findfont: score(<Font 'OpenSymbol' (opens___.ttf) normal normal 400 normal>) = 10.05
20191024_145249|Proc-5643|DEBUG|findfont: score(<Font 'Droid Sans Fallback' (DroidSansFallbackFull.ttf) normal normal 400 normal>) = 10.05
20191024_145249|Proc-5643|DEBUG|findfont: score(<Font 'Chilanka' (Chilanka-Regular.ttf) normal normal regular normal>) = 10.05
20191024_145249|Proc-5643|DEBUG|findfont: score(<Font 'Vemana2000' (vemana2000.ttf) normal normal 400 normal>) = 10.05
20191024_145249|Proc-5643|DEBUG|findfont: score(<Font 'Courier New' (Courier_New.ttf) normal normal 400 normal>) = 10.05
20191024_145249|Proc-5643|DEBUG|findfont: score(<Font 'Pagul' (Pagul.ttf) normal normal 400 normal>) = 10.05
20191024_145249|Proc-5643|DEBUG|findfont: score(<Font 'Tlwg Mono' (TlwgMono-Bold.ttf) normal normal bold normal>) = 10.335
20191024_145249|Proc-5643|DEBUG|findfont: score(<Font 'Laksaman' (Laksaman.ttf) normal normal 400 normal>) = 10.05
20191024_145249|Proc-5643|DEBUG|findfont: score(<Font 'Sawasdee' (Sawasdee.ttf) normal normal 400 normal>) = 10.05
20191024_145249|Proc-5643|DEBUG|findfont: score(<Font 'Ubuntu' (Ubuntu-L.ttf) normal normal light normal>) = 10.24
20191024_145249|Proc-5643|DEBUG|findfont: score(<Font 'FreeSans' (FreeSans.ttf) normal normal 400 normal>) = 10.05
20191024_145249|Proc-5643|DEBUG|findfont: score(<Font 'Times New Roman' (times.ttf) normal normal roman normal>) = 10.145
20191024_145249|Proc-5643|DEBUG|findfont: score(<Font 'Courier New' (cour.ttf) normal normal 400 normal>) = 10.05
20191024_145249|Proc-5643|DEBUG|findfont: score(<Font 'Times New Roman' (timesi.ttf) italic normal roman normal>) = 11.145
20191024_145249|Proc-5643|DEBUG|findfont: score(<Font 'Tibetan Machine Uni' (TibetanMachineUni.ttf) normal normal 400 normal>) = 10.05
20191024_145249|Proc-5643|DEBUG|findfont: score(<Font 'Sarai' (Sarai.ttf) normal normal 400 normal>) = 10.05
20191024_145249|Proc-5643|DEBUG|findfont: score(<Font 'Umpush' (Umpush-Bold.ttf) normal normal bold normal>) = 10.335
20191024_145249|Proc-5643|DEBUG|findfont: score(<Font 'Tlwg Typewriter' (TlwgTypewriter-Oblique.ttf) oblique normal 400 normal>) = 11.05
20191024_145249|Proc-5643|DEBUG|findfont: score(<Font 'KacstTitleL' (KacstTitleL.ttf) normal normal 400 normal>) = 10.05
20191024_145249|Proc-5643|DEBUG|findfont: score(<Font 'KacstOffice' (KacstOffice.ttf) normal normal 400 normal>) = 10.05
20191024_145249|Proc-5643|DEBUG|findfont: score(<Font 'Garuda' (Garuda-Bold.ttf) normal normal bold normal>) = 10.335
20191024_145249|Proc-5643|DEBUG|findfont: score(<Font 'Impact' (Impact.ttf) normal normal 400 normal>) = 10.05
20191024_145249|Proc-5643|DEBUG|findfont: score(<Font 'Georgia' (Georgia_Bold_Italic.ttf) italic normal bold normal>) = 11.335
20191024_145249|Proc-5643|DEBUG|findfont: score(<Font 'FreeSerif' (FreeSerif.ttf) normal normal 400 normal>) = 10.05
20191024_145249|Proc-5643|DEBUG|findfont: score(<Font 'Khmer OS' (KhmerOS.ttf) normal normal 400 normal>) = 10.05
20191024_145249|Proc-5643|DEBUG|findfont: score(<Font 'Lohit Devanagari' (Lohit-Devanagari.ttf) normal normal 400 normal>) = 10.05
20191024_145249|Proc-5643|DEBUG|findfont: score(<Font 'Garuda' (Garuda.ttf) normal normal 400 normal>) = 10.05
20191024_145249|Proc-5643|DEBUG|findfont: score(<Font 'Waree' (Waree-BoldOblique.ttf) oblique normal bold normal>) = 11.335
20191024_145249|Proc-5643|DEBUG|findfont: score(<Font 'Padauk' (Padauk-Regular.ttf) normal normal 400 normal>) = 10.05
20191024_145249|Proc-5643|DEBUG|findfont: score(<Font 'KacstOne' (KacstOne.ttf) normal normal 400 normal>) = 10.05
20191024_145249|Proc-5643|DEBUG|findfont: score(<Font 'Padauk' (Padauk-Bold.ttf) normal normal bold normal>) = 10.335
20191024_145249|Proc-5643|DEBUG|findfont: score(<Font 'Trebuchet MS' (trebuc.ttf) normal normal 400 normal>) = 10.05
20191024_145249|Proc-5643|DEBUG|findfont: score(<Font 'Mukti Narrow' (MuktiNarrow.ttf) normal normal 400 normal>) = 10.05
20191024_145249|Proc-5643|DEBUG|findfont: score(<Font 'Raleway' (Raleway-ExtraBold.ttf) normal normal bold normal>) = 10.335
20191024_145249|Proc-5643|DEBUG|findfont: score(<Font 'Umpush' (Umpush-Oblique.ttf) oblique normal 400 normal>) = 11.05
20191024_145249|Proc-5643|DEBUG|findfont: score(<Font 'Georgia' (Georgia_Italic.ttf) italic normal 400 normal>) = 11.05
20191024_145249|Proc-5643|DEBUG|findfont: score(<Font 'Norasi' (Norasi-BoldItalic.ttf) italic normal bold normal>) = 11.335
20191024_145249|Proc-5643|DEBUG|findfont: score(<Font 'KacstArt' (KacstArt.ttf) normal normal 400 normal>) = 10.05
20191024_145249|Proc-5643|DEBUG|findfont: score(<Font 'Sawasdee' (Sawasdee-BoldOblique.ttf) oblique normal bold normal>) = 11.335
20191024_145249|Proc-5643|DEBUG|findfont: score(<Font 'Arial' (ariali.ttf) italic normal 400 normal>) = 7.413636363636363
20191024_145249|Proc-5643|DEBUG|findfont: score(<Font 'Tlwg Mono' (TlwgMono.ttf) normal normal 400 normal>) = 10.05
20191024_145249|Proc-5643|DEBUG|findfont: score(<Font 'Garuda' (Garuda-Oblique.ttf) oblique normal 400 normal>) = 11.05
20191024_145249|Proc-5643|DEBUG|findfont: score(<Font 'Lohit Kannada' (Lohit-Kannada.ttf) normal normal 400 normal>) = 10.05
20191024_145249|Proc-5643|DEBUG|findfont: score(<Font 'Ubuntu' (Ubuntu-B.ttf) normal normal bold normal>) = 10.335
20191024_145249|Proc-5643|DEBUG|findfont: score(<Font 'Sawasdee' (Sawasdee-Oblique.ttf) oblique normal 400 normal>) = 11.05
20191024_145249|Proc-5643|DEBUG|findfont: score(<Font 'Verdana' (verdanai.ttf) italic normal 400 normal>) = 4.6863636363636365
20191024_145249|Proc-5643|DEBUG|findfont: score(<Font 'Sahadeva' (sahadeva.ttf) normal normal 400 normal>) = 10.05
20191024_145249|Proc-5643|DEBUG|findfont: score(<Font 'Purisa' (Purisa-BoldOblique.ttf) oblique normal bold normal>) = 11.335
20191024_145249|Proc-5643|DEBUG|findfont: score(<Font 'Trebuchet MS' (trebucbi.ttf) italic normal bold normal>) = 11.335
20191024_145249|Proc-5643|DEBUG|findfont: score(<Font 'Laksaman' (Laksaman-Italic.ttf) italic normal 400 normal>) = 11.05
20191024_145249|Proc-5643|DEBUG|findfont: score(<Font 'Liberation Sans' (LiberationSans-Bold.ttf) normal normal bold normal>) = 10.335
20191024_145249|Proc-5643|DEBUG|findfont: score(<Font 'Khmer OS System' (KhmerOSsys.ttf) normal normal 400 normal>) = 10.05
20191024_145249|Proc-5643|DEBUG|findfont: score(<Font 'Liberation Sans Narrow' (LiberationSansNarrow-Bold.ttf) normal normal bold condensed>) = 10.535
20191024_145249|Proc-5643|DEBUG|findfont: score(<Font 'Purisa' (Purisa-Bold.ttf) normal normal bold normal>) = 10.335
20191024_145249|Proc-5643|DEBUG|findfont: score(<Font 'Liberation Sans' (LiberationSans-Italic.ttf) italic normal 400 normal>) = 11.05
20191024_145249|Proc-5643|DEBUG|findfont: score(<Font 'Tlwg Typo' (TlwgTypo.ttf) normal normal 400 normal>) = 10.05
20191024_145249|Proc-5643|DEBUG|findfont: score(<Font 'Tlwg Typist' (TlwgTypist-Oblique.ttf) oblique normal 400 normal>) = 11.05
20191024_145249|Proc-5643|DEBUG|findfont: score(<Font 'Comic Sans MS' (Comic_Sans_MS_Bold.ttf) normal normal bold normal>) = 10.335
20191024_145249|Proc-5643|DEBUG|findfont: score(<Font 'FreeSerif' (FreeSerifBold.ttf) normal normal bold normal>) = 10.335
20191024_145249|Proc-5643|DEBUG|findfont: score(<Font 'Tlwg Typist' (TlwgTypist-BoldOblique.ttf) oblique normal bold normal>) = 11.335
20191024_145249|Proc-5643|DEBUG|findfont: score(<Font 'Arial Black' (ariblk.ttf) normal normal black normal>) = 10.525
20191024_145249|Proc-5643|DEBUG|findfont: score(<Font 'Georgia' (georgiab.ttf) normal normal bold normal>) = 10.335
20191024_145249|Proc-5643|DEBUG|findfont: score(<Font 'Liberation Sans Narrow' (LiberationSansNarrow-BoldItalic.ttf) italic normal bold condensed>) = 11.535
20191024_145249|Proc-5643|DEBUG|findfont: score(<Font 'KacstOne' (KacstOne-Bold.ttf) normal normal bold normal>) = 10.335
20191024_145249|Proc-5643|DEBUG|findfont: score(<Font 'Padauk Book' (PadaukBook-Regular.ttf) normal normal book normal>) = 10.05
20191024_145249|Proc-5643|DEBUG|findfont: score(<Font 'Gargi' (Gargi.ttf) normal normal 400 normal>) = 10.05
20191024_145249|Proc-5643|DEBUG|findfont: score(<Font 'Andale Mono' (Andale_Mono.ttf) normal normal 400 normal>) = 10.05
20191024_145249|Proc-5643|DEBUG|findfont: score(<Font 'Likhan' (LikhanNormal.ttf) normal normal 400 normal>) = 10.05
20191024_145249|Proc-5643|DEBUG|findfont: score(<Font 'Raleway' (Raleway-Bold.ttf) normal normal bold normal>) = 10.335
20191024_145249|Proc-5643|DEBUG|findfont: score(<Font 'KacstTitle' (KacstTitle.ttf) normal normal 400 normal>) = 10.05
20191024_145249|Proc-5643|DEBUG|findfont: score(<Font 'KacstFarsi' (KacstFarsi.ttf) normal normal 400 normal>) = 10.05
20191024_145249|Proc-5643|DEBUG|findfont: score(<Font 'padmaa-Bold.1.1' (padmaa-Bold.1.1.ttf) normal normal bold normal>) = 10.335
20191024_145249|Proc-5643|DEBUG|findfont: score(<Font 'Umpush' (Umpush.ttf) normal normal 400 normal>) = 10.05
20191024_145249|Proc-5643|DEBUG|findfont: score(<Font 'Liberation Mono' (LiberationMono-Regular.ttf) normal normal 400 normal>) = 10.05
20191024_145249|Proc-5643|DEBUG|findfont: score(<Font 'Tlwg Typewriter' (TlwgTypewriter-Bold.ttf) normal normal bold normal>) = 10.335
20191024_145249|Proc-5643|DEBUG|findfont: score(<Font 'Jamrul' (JamrulNormal.ttf) normal normal 400 normal>) = 10.05
20191024_145249|Proc-5643|DEBUG|findfont: score(<Font 'Liberation Mono' (LiberationMono-BoldItalic.ttf) italic normal bold normal>) = 11.335
20191024_145249|Proc-5643|DEBUG|findfont: score(<Font 'Karumbi' (Karumbi.ttf) normal normal 400 normal>) = 10.05
20191024_145249|Proc-5643|DEBUG|findfont: score(<Font 'Loma' (Loma-Bold.ttf) normal normal bold normal>) = 10.335
20191024_145249|Proc-5643|DEBUG|findfont: score(<Font 'Pothana2000' (Pothana2000.ttf) normal normal 400 normal>) = 10.05
20191024_145249|Proc-5643|DEBUG|findfont: score(<Font 'Verdana' (Verdana_Italic.ttf) italic normal 400 normal>) = 4.6863636363636365
20191024_145249|Proc-5643|DEBUG|findfont: score(<Font 'Courier New' (Courier_New_Bold.ttf) normal normal bold normal>) = 10.335
20191024_145249|Proc-5643|DEBUG|findfont: score(<Font 'Garuda' (Garuda-BoldOblique.ttf) oblique normal bold normal>) = 11.335
20191024_145249|Proc-5643|DEBUG|findfont: score(<Font 'Samyak Malayalam' (Samyak-Malayalam.ttf) normal normal 400 normal>) = 10.05
20191024_145249|Proc-5643|DEBUG|findfont: score(<Font 'Raleway' (Raleway-Thin.ttf) normal normal 400 normal>) = 10.05
20191024_145249|Proc-5643|DEBUG|findfont: score(<Font 'Arial' (Arial_Bold.ttf) normal normal bold normal>) = 6.698636363636363
20191024_145249|Proc-5643|DEBUG|findfont: score(<Font 'Trebuchet MS' (Trebuchet_MS_Bold.ttf) normal normal bold normal>) = 10.335
20191024_145249|Proc-5643|DEBUG|findfont: score(<Font 'Raleway' (Raleway-Black.ttf) normal normal black normal>) = 10.525
20191024_145249|Proc-5643|DEBUG|findfont: score(<Font 'Times New Roman' (timesbi.ttf) italic normal roman normal>) = 11.145
20191024_145249|Proc-5643|DEBUG|findfont: score(<Font 'Trebuchet MS' (Trebuchet_MS.ttf) normal normal 400 normal>) = 10.05
20191024_145249|Proc-5643|DEBUG|findfont: score(<Font 'Purisa' (Purisa.ttf) normal normal 400 normal>) = 10.05
20191024_145249|Proc-5643|DEBUG|findfont: score(<Font 'Norasi' (Norasi-Italic.ttf) italic normal 400 normal>) = 11.05
20191024_145249|Proc-5643|DEBUG|findfont: score(<Font 'FreeMono' (FreeMonoOblique.ttf) oblique normal 400 normal>) = 11.05
20191024_145249|Proc-5643|DEBUG|findfont: score(<Font 'Tlwg Typewriter' (TlwgTypewriter-BoldOblique.ttf) oblique normal bold normal>) = 11.335
20191024_145249|Proc-5643|DEBUG|findfont: score(<Font 'Ubuntu' (Ubuntu-MI.ttf) italic normal medium normal>) = 11.145
20191024_145249|Proc-5643|DEBUG|findfont: score(<Font 'Kalapi' (Kalapi.ttf) normal normal 400 normal>) = 10.05
20191024_145249|Proc-5643|DEBUG|findfont: score(<Font 'Abyssinica SIL' (AbyssinicaSIL-R.ttf) normal normal 400 normal>) = 10.05
20191024_145249|Proc-5643|DEBUG|findfont: score(<Font 'Ubuntu' (Ubuntu-RI.ttf) italic normal 400 normal>) = 11.05
20191024_145249|Proc-5643|DEBUG|findfont: score(<Font 'Raleway' (Raleway-SemiBold.ttf) normal normal semibold normal>) = 10.24
20191024_145249|Proc-5643|DEBUG|findfont: score(<Font 'Lohit Gujarati' (Lohit-Gujarati.ttf) normal normal 400 normal>) = 10.05
20191024_145249|Proc-5643|DEBUG|findfont: score(<Font 'Raleway' (Raleway-Medium.ttf) normal normal medium normal>) = 10.145
20191024_145249|Proc-5643|DEBUG|findfont: score(<Font 'Arial' (Arial.ttf) normal normal 400 normal>) = 6.413636363636363
20191024_145249|Proc-5643|DEBUG|findfont: score(<Font 'Chandas' (chandas1-2.ttf) normal normal 400 normal>) = 10.05
20191024_145249|Proc-5643|DEBUG|findfont: score(<Font 'Tlwg Typo' (TlwgTypo-Oblique.ttf) oblique normal 400 normal>) = 11.05
20191024_145249|Proc-5643|DEBUG|findfont: score(<Font 'Verdana' (verdanab.ttf) normal normal bold normal>) = 3.9713636363636367
20191024_145249|Proc-5643|DEBUG|findfont: score(<Font 'Times New Roman' (timesbd.ttf) normal normal roman normal>) = 10.145
20191024_145249|Proc-5643|DEBUG|findfont: score(<Font 'Samyak Devanagari' (Samyak-Devanagari.ttf) normal normal 400 normal>) = 10.05
20191024_145249|Proc-5643|DEBUG|findfont: score(<Font 'KacstPen' (KacstPen.ttf) normal normal 400 normal>) = 10.05
20191024_145249|Proc-5643|DEBUG|findfont: score(<Font 'Norasi' (Norasi-BoldOblique.ttf) oblique normal bold normal>) = 11.335
20191024_145249|Proc-5643|DEBUG|findfont: score(<Font 'Manjari' (Manjari-Thin.otf) normal normal 400 normal>) = 10.05
20191024_145249|Proc-5643|DEBUG|findfont: score(<Font 'Purisa' (Purisa-Oblique.ttf) oblique normal 400 normal>) = 11.05
20191024_145249|Proc-5643|DEBUG|findfont: score(<Font 'Mukti Narrow' (MuktiNarrowBold.ttf) normal normal 700 normal>) = 10.335
20191024_145249|Proc-5643|DEBUG|findfont: score(<Font 'Raleway' (Raleway-ExtraLight.ttf) normal normal light normal>) = 10.24
20191024_145249|Proc-5643|DEBUG|findfont: score(<Font 'Ubuntu Mono' (UbuntuMono-RI.ttf) italic normal 400 normal>) = 11.05
20191024_145249|Proc-5643|DEBUG|findfont: score(<Font 'Gubbi' (Gubbi.ttf) normal normal 400 normal>) = 10.05
20191024_145249|Proc-5643|DEBUG|findfont: score(<Font 'Ubuntu Condensed' (Ubuntu-C.ttf) normal normal 400 condensed>) = 10.25
20191024_145249|Proc-5643|DEBUG|findfont: score(<Font 'Comic Sans MS' (Comic_Sans_MS.ttf) normal normal 400 normal>) = 10.05
20191024_145249|Proc-5643|DEBUG|findfont: score(<Font 'Suruma' (Suruma.ttf) normal normal 400 normal>) = 10.05
20191024_145249|Proc-5643|DEBUG|findfont: score(<Font 'Times New Roman' (Times_New_Roman_Italic.ttf) italic normal roman normal>) = 11.145
20191024_145249|Proc-5643|DEBUG|findfont: score(<Font 'Manjari' (Manjari-Bold.otf) normal normal bold normal>) = 10.335
20191024_145249|Proc-5643|DEBUG|findfont: score(<Font 'Noto Serif CJK JP' (NotoSerifCJK-Regular.ttc) normal normal 400 normal>) = 10.05
20191024_145249|Proc-5643|DEBUG|findfont: score(<Font 'Kalimati' (kalimati.ttf) normal normal 400 normal>) = 10.05
20191024_145249|Proc-5643|DEBUG|findfont: score(<Font 'Noto Mono' (NotoMono-Regular.ttf) normal normal 400 normal>) = 10.05
20191024_145249|Proc-5643|DEBUG|findfont: score(<Font 'Saab' (Saab.ttf) normal normal 400 normal>) = 10.05
20191024_145249|Proc-5643|DEBUG|findfont: score(<Font 'Courier New' (Courier_New_Italic.ttf) italic normal 400 normal>) = 11.05
20191024_145249|Proc-5643|DEBUG|findfont: score(<Font 'Webdings' (Webdings.ttf) normal normal 400 normal>) = 10.05
20191024_145249|Proc-5643|DEBUG|findfont: score(<Font 'Samyak Gujarati' (Samyak-Gujarati.ttf) normal normal 400 normal>) = 10.05
20191024_145249|Proc-5643|DEBUG|findfont: score(<Font 'Verdana' (verdanaz.ttf) italic normal bold normal>) = 4.971363636363637
20191024_145249|Proc-5643|DEBUG|findfont: score(<Font 'Tlwg Typist' (TlwgTypist.ttf) normal normal 400 normal>) = 10.05
20191024_145249|Proc-5643|DEBUG|findfont: score(<Font 'LKLUG' (lklug.ttf) normal normal 400 normal>) = 10.05
20191024_145249|Proc-5643|DEBUG|findfont: score(<Font 'Padauk Book' (PadaukBook-Bold.ttf) normal normal book normal>) = 10.05
20191024_145249|Proc-5643|DEBUG|findfont: score(<Font 'KacstQurn' (KacstQurn.ttf) normal normal 400 normal>) = 10.05
20191024_145249|Proc-5643|DEBUG|findfont: score(<Font 'Trebuchet MS' (trebucbd.ttf) normal normal bold normal>) = 10.335
20191024_145249|Proc-5643|DEBUG|findfont: score(<Font 'Arial' (arialbd.ttf) normal normal bold normal>) = 6.698636363636363
20191024_145249|Proc-5643|DEBUG|findfont: score(<Font 'Kinnari' (Kinnari-Italic.ttf) italic normal 400 normal>) = 11.05
20191024_145249|Proc-5643|DEBUG|findfont: score(<Font 'Kinnari' (Kinnari-Bold.ttf) normal normal bold normal>) = 10.335
20191024_145249|Proc-5643|DEBUG|findfont: score(<Font 'Rachana' (Rachana-Bold.ttf) normal normal bold normal>) = 10.335
20191024_145249|Proc-5643|DEBUG|findfont: score(<Font 'Lohit Gurmukhi' (Lohit-Gurmukhi.ttf) normal normal 400 normal>) = 10.05
20191024_145249|Proc-5643|DEBUG|findfont: score(<Font 'Tlwg Mono' (TlwgMono-BoldOblique.ttf) oblique normal bold normal>) = 11.335
20191024_145249|Proc-5643|DEBUG|findfont: score(<Font 'FreeMono' (FreeMonoBoldOblique.ttf) oblique normal bold normal>) = 11.335
20191024_145249|Proc-5643|DEBUG|findfont: Matching :family=sans-serif:style=normal:variant=normal:weight=normal:stretch=normal:size=10.0 to DejaVu Sans ('/home/jpastorino/anaconda3/lib/python3.7/site-packages/matplotlib/mpl-data/fonts/ttf/DejaVuSans.ttf') with score of 0.050000.
20191024_145249|Proc-5643|WARNING|The PostScript backend does not support transparency; partially transparent artists will be rendered opaque.
20191024_145249|Proc-5643|WARNING|The PostScript backend does not support transparency; partially transparent artists will be rendered opaque.
20191024_145249|Proc-5643|WARNING|The PostScript backend does not support transparency; partially transparent artists will be rendered opaque.
20191024_145249|Proc-5643|WARNING|The PostScript backend does not support transparency; partially transparent artists will be rendered opaque.
20191024_145249|Proc-5643|INFO|Skipping Cross-Validation
20191024_145250|Proc-5643|INFO|Computing Train/Test-corpus/class Splits
20191024_145250|Proc-5643|INFO|0-Fold length is 1240 samples and 1240 labels. 101 (8.15%) positive samples
20191024_145250|Proc-5643|INFO|1-Fold length is 1240 samples and 1240 labels.  92 (7.42%) positive samples
20191024_145250|Proc-5643|INFO|2-Fold length is 1242 samples and 1242 labels.  84 (6.76%) positive samples
20191024_145250|Proc-5643|INFO|Reducing data Skew by OverSampling Train Data...
20191024_145250|Proc-5643|INFO|<OS> Train: Initial 3445 negative,  277 positive, 12-1 ratio.
20191024_145250|Proc-5643|INFO|<OS> Train: Copying   12 times the positive samples.
20191024_145250|Proc-5643|INFO|<OS> Train: Final   3445 negative, 3324 positive,  1-1 ratio.
20191024_145250|Proc-5643|INFO|Oversampling... Done!
20191024_145250|Proc-5643|INFO|[[main]] Model Train-Test. Saving information to ./data/texanasd/output/
20191024_145250|Proc-5643|INFO|[[main]] Full Train Dataset has 6769 Samples and 6769 Labels.
20191024_145250|Proc-5643|INFO|[[main]] Test Dataset has 10859 Samples and 10859 Labels.
20191024_145250|Proc-5643|INFO|[[main]] Starting running pipeline for pipeline id:main
20191024_145250|Proc-5643|DEBUG|[[main]] Parameters: C->0.1;kernel->sigmoid;degree->3;gamma->scale;coef0->0.0;shrinking->True;probability->True;tol->0.001;max_iter->-1;verbose->False;
20191024_145250|Proc-5643|INFO|[[main]] Training TF-IDF.
20191024_145250|Proc-5643|INFO|[[main]] Running Stemming...
20191024_145436|Proc-5643|INFO|[[main]] Stemming done in 106.192732s
20191024_145436|Proc-5643|INFO|[[main]] Running tfidf...
20191024_145436|Proc-5643|INFO|[[main]] tf-idf done in 0.000021s
20191024_145436|Proc-5643|INFO|[[main]] Running SVD Dim Reduction...
20191024_150410|Proc-5643|INFO|[[main]] SVD explained variance: 99%
20191024_150410|Proc-5643|INFO|[[main]] SVD done in 574.349874s
20191024_150410|Proc-5643|INFO|[[main]] Transforming Testing Samples.
20191024_150420|Proc-5643|INFO|[[main]] Training SVC Model
20191024_152939|Proc-5643|INFO|[[main]] Predicting Test Class using SVC trained model.
20191024_153728|Proc-5643|INFO|[[main]] Computing Metrics.
20191024_154504|Proc-5643|INFO|[[main]] Saving to disc Y-Scores, Y-TrueLabels and Y-Predictions
20191024_154504|Proc-5643|INFO|[[main]] y-predicted labels:./data/texanasd/output//data/main_ypredicted.npy
20191024_154504|Proc-5643|INFO|[[main]] y-scores:./data/texanasd/output//data/main_yscores.npy
20191024_154504|Proc-5643|INFO|[[main]] y-ground truth labels:./data/texanasd/output//data/main_ytest.npy
20191024_154504|Proc-5643|INFO|[[main]] Saving Summary information (scores) to file.
20191024_154504|Proc-5643|INFO|[[main]] End running pipeline for pipeline id:main. Runtime:3134.67sec
20191024_154504|Proc-5643|INFO|[[main]] runModelTrainTest ran in 3134.87 sec.
20191024_154504|Proc-5643|INFO|[[main]] Scores:auc->0.7124840011338793;accuracy->0.8153605304355834;recall->0.42934782608695654;precision->0.16622830089426618;F1->0.2396662874478574;
20191024_154504|Proc-5643|INFO|Main Program completed. Runtime was 3134.983 sec.
20191024_154504|Proc-5643|INFO|AUC:0.712. Accuracy0.815. Recall0.429. Precision0.166. F10.240.
20191024_154505|Proc-5643|INFO|=== Done! Main Program Ended ===
